2024-06-03T09:15:41.709+03:00  INFO 3188 --- [configserver] [restartedMain] c.c.c.ConfigserverApplication            : Starting ConfigserverApplication using Java 21.0.2 with PID 3188 (C:\Users\SAQERpc\Desktop\MicroProo\project-step-3-we-need-a-br\configserver\target\classes started by SAQERpc in C:\Users\SAQERpc\Desktop\MicroProo\project-step-3-we-need-a-br\configserver)
2024-06-03T09:15:41.736+03:00  INFO 3188 --- [configserver] [restartedMain] c.c.c.ConfigserverApplication            : No active profile set, falling back to 1 default profile: "default"
2024-06-03T09:15:41.898+03:00  INFO 3188 --- [configserver] [restartedMain] .e.DevToolsPropertyDefaultsPostProcessor : Devtools property defaults active! Set 'spring.devtools.add-properties' to 'false' to disable
2024-06-03T09:15:41.899+03:00  INFO 3188 --- [configserver] [restartedMain] .e.DevToolsPropertyDefaultsPostProcessor : For additional web related logging consider setting the 'logging.level.web' property to 'DEBUG'
2024-06-03T09:15:43.712+03:00  INFO 3188 --- [configserver] [restartedMain] o.s.cloud.context.scope.GenericScope     : BeanFactory id=b698b04d-8ff6-3217-9cbc-677eb0ad43d3
2024-06-03T09:15:44.447+03:00  INFO 3188 --- [configserver] [restartedMain] o.s.b.w.embedded.tomcat.TomcatWebServer  : Tomcat initialized with port 8888 (http)
2024-06-03T09:15:44.473+03:00  INFO 3188 --- [configserver] [restartedMain] o.apache.catalina.core.StandardService   : Starting service [Tomcat]
2024-06-03T09:15:44.475+03:00  INFO 3188 --- [configserver] [restartedMain] o.apache.catalina.core.StandardEngine    : Starting Servlet engine: [Apache Tomcat/10.1.24]
2024-06-03T09:15:44.585+03:00  INFO 3188 --- [configserver] [restartedMain] o.a.c.c.C.[Tomcat].[localhost].[/]       : Initializing Spring embedded WebApplicationContext
2024-06-03T09:15:44.586+03:00  INFO 3188 --- [configserver] [restartedMain] w.s.c.ServletWebServerApplicationContext : Root WebApplicationContext: initialization completed in 2682 ms
2024-06-03T09:15:45.260+03:00  INFO 3188 --- [configserver] [restartedMain] o.s.b.d.a.OptionalLiveReloadServer       : LiveReload server is running on port 35729
2024-06-03T09:15:46.316+03:00  INFO 3188 --- [configserver] [restartedMain] o.s.cloud.commons.util.InetUtils         : Cannot determine local hostname
2024-06-03T09:15:47.040+03:00  INFO 3188 --- [configserver] [restartedMain] o.s.b.w.embedded.tomcat.TomcatWebServer  : Tomcat started on port 8888 (http) with context path '/'
2024-06-03T09:15:48.062+03:00  INFO 3188 --- [configserver] [restartedMain] o.s.cloud.commons.util.InetUtils         : Cannot determine local hostname
2024-06-03T09:15:48.142+03:00  INFO 3188 --- [configserver] [restartedMain] c.c.c.ConfigserverApplication            : Started ConfigserverApplication in 8.373 seconds (process running for 9.889)
2024-06-03T09:16:05.038+03:00  INFO 3188 --- [configserver] [http-nio-8888-exec-1] o.a.c.c.C.[Tomcat].[localhost].[/]       : Initializing Spring DispatcherServlet 'dispatcherServlet'
2024-06-03T09:16:05.039+03:00  INFO 3188 --- [configserver] [http-nio-8888-exec-1] o.s.web.servlet.DispatcherServlet        : Initializing Servlet 'dispatcherServlet'
2024-06-03T09:16:05.041+03:00  INFO 3188 --- [configserver] [http-nio-8888-exec-1] o.s.web.servlet.DispatcherServlet        : Completed initialization in 1 ms
2024-06-03T09:59:04.628+03:00  INFO 3188 --- [configserver] [http-nio-8888-exec-1] o.apache.tomcat.util.http.parser.Cookie  : A cookie header was received [g_state={"i_l":0};] that contained an invalid cookie. That cookie will be ignored.
 Note: further occurrences of this error will be logged at DEBUG level.
2024-06-03T09:59:06.570+03:00  INFO 3188 --- [configserver] [http-nio-8888-exec-1] o.s.c.c.s.e.NativeEnvironmentRepository  : Adding property source: Config resource 'file [C:\Users\SAQERpc\AppData\Local\Temp\config-repo-9418238512395852537\post-service.properties]' via location 'file:/C:/Users/SAQERpc/AppData/Local/Temp/config-repo-9418238512395852537/'
2024-06-03T10:06:00.489+03:00  INFO 3188 --- [configserver] [http-nio-8888-exec-4] o.s.c.c.s.e.NativeEnvironmentRepository  : Adding property source: Config resource 'file [C:\Users\SAQERpc\AppData\Local\Temp\config-repo-9418238512395852537\post-service.properties]' via location 'file:/C:/Users/SAQERpc/AppData/Local/Temp/config-repo-9418238512395852537/'
