2024-06-04 00:41:00 INFO  o.h.validator.internal.util.Version - HV000001: Hibernate Validator 8.0.1.Final
2024-06-04 00:41:00 INFO  c.c.c.ConfigserverApplication - Starting ConfigserverApplication using Java 21.0.2 with PID 30436 (C:\Users\SAQERpc\Desktop\MicroProo\project-step-3-we-need-a-br\configserver\target\classes started by SAQERpc in C:\Users\SAQERpc\Desktop\MicroProo\project-step-3-we-need-a-br\configserver)
2024-06-04 00:41:00 INFO  c.c.c.ConfigserverApplication - No active profile set, falling back to 1 default profile: "default"
2024-06-04 00:41:00 INFO  o.s.b.d.e.DevToolsPropertyDefaultsPostProcessor - Devtools property defaults active! Set 'spring.devtools.add-properties' to 'false' to disable
2024-06-04 00:41:00 INFO  o.s.b.d.e.DevToolsPropertyDefaultsPostProcessor - For additional web related logging consider setting the 'logging.level.web' property to 'DEBUG'
2024-06-04 00:41:03 INFO  o.s.cloud.context.scope.GenericScope - BeanFactory id=b698b04d-8ff6-3217-9cbc-677eb0ad43d3
2024-06-04 00:41:05 INFO  o.s.b.w.e.tomcat.TomcatWebServer - Tomcat initialized with port 8888 (http)
2024-06-04 00:41:05 INFO  o.a.coyote.http11.Http11NioProtocol - Initializing ProtocolHandler ["http-nio-8888"]
2024-06-04 00:41:05 INFO  o.a.catalina.core.StandardService - Starting service [Tomcat]
2024-06-04 00:41:05 INFO  o.a.catalina.core.StandardEngine - Starting Servlet engine: [Apache Tomcat/10.1.24]
2024-06-04 00:41:05 INFO  o.a.c.c.C.[Tomcat].[localhost].[/] - Initializing Spring embedded WebApplicationContext
2024-06-04 00:41:05 INFO  o.s.b.w.s.c.ServletWebServerApplicationContext - Root WebApplicationContext: initialization completed in 4647 ms
2024-06-04 00:41:07 INFO  o.s.b.d.a.OptionalLiveReloadServer - LiveReload server is running on port 35729
2024-06-04 00:41:08 INFO  o.s.cloud.commons.util.InetUtils - Cannot determine local hostname
2024-06-04 00:41:10 INFO  o.a.coyote.http11.Http11NioProtocol - Starting ProtocolHandler ["http-nio-8888"]
2024-06-04 00:41:10 INFO  o.s.b.w.e.tomcat.TomcatWebServer - Tomcat started on port 8888 (http) with context path '/'
2024-06-04 00:41:11 INFO  o.s.cloud.commons.util.InetUtils - Cannot determine local hostname
2024-06-04 00:41:11 INFO  c.c.c.ConfigserverApplication - Started ConfigserverApplication in 12.833 seconds (process running for 15.049)
2024-06-04 00:41:13 INFO  o.a.c.c.C.[Tomcat].[localhost].[/] - Initializing Spring DispatcherServlet 'dispatcherServlet'
2024-06-04 00:41:13 INFO  o.s.web.servlet.DispatcherServlet - Initializing Servlet 'dispatcherServlet'
2024-06-04 00:41:13 INFO  o.s.web.servlet.DispatcherServlet - Completed initialization in 1 ms
2024-06-04 09:38:10 INFO  o.h.validator.internal.util.Version - HV000001: Hibernate Validator 8.0.1.Final
2024-06-04 09:38:11 INFO  c.c.c.ConfigserverApplication - Starting ConfigserverApplication using Java 21.0.2 with PID 22464 (C:\Users\app\Desktop\project-step-3-we-need-a-br\configserver\target\classes started by app in C:\Users\app\Desktop\project-step-3-we-need-a-br\configserver)
2024-06-04 09:38:11 INFO  c.c.c.ConfigserverApplication - No active profile set, falling back to 1 default profile: "default"
2024-06-04 09:38:11 INFO  o.s.b.d.e.DevToolsPropertyDefaultsPostProcessor - Devtools property defaults active! Set 'spring.devtools.add-properties' to 'false' to disable
2024-06-04 09:38:11 INFO  o.s.b.d.e.DevToolsPropertyDefaultsPostProcessor - For additional web related logging consider setting the 'logging.level.web' property to 'DEBUG'
2024-06-04 09:38:13 INFO  o.s.cloud.context.scope.GenericScope - BeanFactory id=b698b04d-8ff6-3217-9cbc-677eb0ad43d3
2024-06-04 09:38:13 INFO  o.s.b.w.e.tomcat.TomcatWebServer - Tomcat initialized with port 8888 (http)
2024-06-04 09:38:13 INFO  o.a.coyote.http11.Http11NioProtocol - Initializing ProtocolHandler ["http-nio-8888"]
2024-06-04 09:38:13 INFO  o.a.catalina.core.StandardService - Starting service [Tomcat]
2024-06-04 09:38:13 INFO  o.a.catalina.core.StandardEngine - Starting Servlet engine: [Apache Tomcat/10.1.24]
2024-06-04 09:38:14 INFO  o.a.c.c.C.[Tomcat].[localhost].[/] - Initializing Spring embedded WebApplicationContext
2024-06-04 09:38:14 INFO  o.s.b.w.s.c.ServletWebServerApplicationContext - Root WebApplicationContext: initialization completed in 2810 ms
2024-06-04 09:38:14 INFO  o.s.b.d.a.OptionalLiveReloadServer - LiveReload server is running on port 35729
2024-06-04 09:38:15 INFO  o.a.coyote.http11.Http11NioProtocol - Starting ProtocolHandler ["http-nio-8888"]
2024-06-04 09:38:15 INFO  o.s.b.w.e.tomcat.TomcatWebServer - Tomcat started on port 8888 (http) with context path '/'
2024-06-04 09:38:15 INFO  c.c.c.ConfigserverApplication - Started ConfigserverApplication in 5.787 seconds (process running for 7.05)
2024-06-04 09:38:50 INFO  o.a.c.c.C.[Tomcat].[localhost].[/] - Initializing Spring DispatcherServlet 'dispatcherServlet'
2024-06-04 09:38:50 INFO  o.s.web.servlet.DispatcherServlet - Initializing Servlet 'dispatcherServlet'
2024-06-04 09:38:50 INFO  o.s.web.servlet.DispatcherServlet - Completed initialization in 0 ms
2024-06-04 09:50:40 INFO  o.h.validator.internal.util.Version - HV000001: Hibernate Validator 8.0.1.Final
2024-06-04 09:50:40 INFO  c.c.c.ConfigserverApplication - Starting ConfigserverApplication using Java 21.0.2 with PID 792 (C:\Users\app\Desktop\project-step-3-we-need-a-br\configserver\target\classes started by app in C:\Users\app\Desktop\project-step-3-we-need-a-br\configserver)
2024-06-04 09:50:40 INFO  c.c.c.ConfigserverApplication - No active profile set, falling back to 1 default profile: "default"
2024-06-04 09:50:40 INFO  o.s.b.d.e.DevToolsPropertyDefaultsPostProcessor - Devtools property defaults active! Set 'spring.devtools.add-properties' to 'false' to disable
2024-06-04 09:50:40 INFO  o.s.b.d.e.DevToolsPropertyDefaultsPostProcessor - For additional web related logging consider setting the 'logging.level.web' property to 'DEBUG'
2024-06-04 09:50:42 INFO  o.s.cloud.context.scope.GenericScope - BeanFactory id=b698b04d-8ff6-3217-9cbc-677eb0ad43d3
2024-06-04 09:50:43 INFO  o.s.b.w.e.tomcat.TomcatWebServer - Tomcat initialized with port 8888 (http)
2024-06-04 09:50:43 INFO  o.a.coyote.http11.Http11NioProtocol - Initializing ProtocolHandler ["http-nio-8888"]
2024-06-04 09:50:43 INFO  o.a.catalina.core.StandardService - Starting service [Tomcat]
2024-06-04 09:50:43 INFO  o.a.catalina.core.StandardEngine - Starting Servlet engine: [Apache Tomcat/10.1.24]
2024-06-04 09:50:44 INFO  o.a.c.c.C.[Tomcat].[localhost].[/] - Initializing Spring embedded WebApplicationContext
2024-06-04 09:50:44 INFO  o.s.b.w.s.c.ServletWebServerApplicationContext - Root WebApplicationContext: initialization completed in 3714 ms
2024-06-04 09:50:54 INFO  o.h.validator.internal.util.Version - HV000001: Hibernate Validator 8.0.1.Final
2024-06-04 09:50:54 INFO  c.c.c.ConfigserverApplication - Starting ConfigserverApplication using Java 21.0.2 with PID 5608 (C:\Users\app\Desktop\project-step-3-we-need-a-br\configserver\target\classes started by app in C:\Users\app\Desktop\project-step-3-we-need-a-br\configserver)
2024-06-04 09:50:54 INFO  c.c.c.ConfigserverApplication - No active profile set, falling back to 1 default profile: "default"
2024-06-04 09:50:54 INFO  o.s.b.d.e.DevToolsPropertyDefaultsPostProcessor - Devtools property defaults active! Set 'spring.devtools.add-properties' to 'false' to disable
2024-06-04 09:50:54 INFO  o.s.b.d.e.DevToolsPropertyDefaultsPostProcessor - For additional web related logging consider setting the 'logging.level.web' property to 'DEBUG'
2024-06-04 09:50:56 INFO  o.s.cloud.context.scope.GenericScope - BeanFactory id=b698b04d-8ff6-3217-9cbc-677eb0ad43d3
2024-06-04 09:50:57 INFO  o.s.b.w.e.tomcat.TomcatWebServer - Tomcat initialized with port 8888 (http)
2024-06-04 09:50:57 INFO  o.a.coyote.http11.Http11NioProtocol - Initializing ProtocolHandler ["http-nio-8888"]
2024-06-04 09:50:57 INFO  o.a.catalina.core.StandardService - Starting service [Tomcat]
2024-06-04 09:50:57 INFO  o.a.catalina.core.StandardEngine - Starting Servlet engine: [Apache Tomcat/10.1.24]
2024-06-04 09:50:57 INFO  o.a.c.c.C.[Tomcat].[localhost].[/] - Initializing Spring embedded WebApplicationContext
2024-06-04 09:50:57 INFO  o.s.b.w.s.c.ServletWebServerApplicationContext - Root WebApplicationContext: initialization completed in 2462 ms
2024-06-04 09:50:58 INFO  o.s.b.d.a.OptionalLiveReloadServer - LiveReload server is running on port 35729
2024-06-04 09:50:59 INFO  o.a.coyote.http11.Http11NioProtocol - Starting ProtocolHandler ["http-nio-8888"]
2024-06-04 09:50:59 INFO  o.s.b.w.e.tomcat.TomcatWebServer - Tomcat started on port 8888 (http) with context path '/'
2024-06-04 09:50:59 INFO  c.c.c.ConfigserverApplication - Started ConfigserverApplication in 5.83 seconds (process running for 7.137)
2024-06-04 09:51:08 INFO  o.a.c.c.C.[Tomcat].[localhost].[/] - Initializing Spring DispatcherServlet 'dispatcherServlet'
2024-06-04 09:51:08 INFO  o.s.web.servlet.DispatcherServlet - Initializing Servlet 'dispatcherServlet'
2024-06-04 09:51:08 INFO  o.s.web.servlet.DispatcherServlet - Completed initialization in 1 ms
2024-06-04 12:39:19 INFO  o.h.validator.internal.util.Version - HV000001: Hibernate Validator 8.0.1.Final
2024-06-04 12:39:19 INFO  c.c.c.ConfigserverApplication - Starting ConfigserverApplication using Java 21.0.2 with PID 13784 (C:\Users\app\Desktop\project-step-3-we-need-a-br\configserver\target\classes started by app in C:\Users\app\Desktop\project-step-3-we-need-a-br\configserver)
2024-06-04 12:39:19 INFO  c.c.c.ConfigserverApplication - No active profile set, falling back to 1 default profile: "default"
2024-06-04 12:39:19 INFO  o.s.b.d.e.DevToolsPropertyDefaultsPostProcessor - Devtools property defaults active! Set 'spring.devtools.add-properties' to 'false' to disable
2024-06-04 12:39:19 INFO  o.s.b.d.e.DevToolsPropertyDefaultsPostProcessor - For additional web related logging consider setting the 'logging.level.web' property to 'DEBUG'
2024-06-04 12:39:22 INFO  o.s.cloud.context.scope.GenericScope - BeanFactory id=b698b04d-8ff6-3217-9cbc-677eb0ad43d3
2024-06-04 12:39:23 INFO  o.s.b.w.e.tomcat.TomcatWebServer - Tomcat initialized with port 8888 (http)
2024-06-04 12:39:23 INFO  o.a.coyote.http11.Http11NioProtocol - Initializing ProtocolHandler ["http-nio-8888"]
2024-06-04 12:39:23 INFO  o.a.catalina.core.StandardService - Starting service [Tomcat]
2024-06-04 12:39:23 INFO  o.a.catalina.core.StandardEngine - Starting Servlet engine: [Apache Tomcat/10.1.24]
2024-06-04 12:39:23 INFO  o.a.c.c.C.[Tomcat].[localhost].[/] - Initializing Spring embedded WebApplicationContext
2024-06-04 12:39:23 INFO  o.s.b.w.s.c.ServletWebServerApplicationContext - Root WebApplicationContext: initialization completed in 4044 ms
2024-06-04 12:39:25 INFO  o.s.b.d.a.OptionalLiveReloadServer - LiveReload server is running on port 35729
2024-06-04 12:39:26 INFO  o.a.coyote.http11.Http11NioProtocol - Starting ProtocolHandler ["http-nio-8888"]
2024-06-04 12:39:26 INFO  o.s.b.w.e.tomcat.TomcatWebServer - Tomcat started on port 8888 (http) with context path '/'
2024-06-04 12:39:26 INFO  c.c.c.ConfigserverApplication - Started ConfigserverApplication in 9.522 seconds (process running for 11.768)
2024-06-04 12:39:46 INFO  o.a.c.c.C.[Tomcat].[localhost].[/] - Initializing Spring DispatcherServlet 'dispatcherServlet'
2024-06-04 12:39:46 INFO  o.s.web.servlet.DispatcherServlet - Initializing Servlet 'dispatcherServlet'
2024-06-04 12:39:46 INFO  o.s.web.servlet.DispatcherServlet - Completed initialization in 3 ms
2024-06-04 12:44:27 INFO  o.s.c.c.s.e.MultipleJGitEnvironmentRepository - Fetched for remote main and found 1 updates
2024-06-04 14:53:26 INFO  o.h.validator.internal.util.Version - HV000001: Hibernate Validator 8.0.1.Final
2024-06-04 14:53:26 INFO  c.c.c.ConfigserverApplication - Starting ConfigserverApplication using Java 21.0.2 with PID 24236 (C:\Users\app\Desktop\project-step-3-we-need-a-br\configserver\target\classes started by app in C:\Users\app\Desktop\project-step-3-we-need-a-br\configserver)
2024-06-04 14:53:26 INFO  c.c.c.ConfigserverApplication - No active profile set, falling back to 1 default profile: "default"
2024-06-04 14:53:26 INFO  o.s.b.d.e.DevToolsPropertyDefaultsPostProcessor - Devtools property defaults active! Set 'spring.devtools.add-properties' to 'false' to disable
2024-06-04 14:53:26 INFO  o.s.b.d.e.DevToolsPropertyDefaultsPostProcessor - For additional web related logging consider setting the 'logging.level.web' property to 'DEBUG'
2024-06-04 14:53:28 INFO  o.s.cloud.context.scope.GenericScope - BeanFactory id=b698b04d-8ff6-3217-9cbc-677eb0ad43d3
2024-06-04 14:53:29 INFO  o.s.b.w.e.tomcat.TomcatWebServer - Tomcat initialized with port 8888 (http)
2024-06-04 14:53:29 INFO  o.a.coyote.http11.Http11NioProtocol - Initializing ProtocolHandler ["http-nio-8888"]
2024-06-04 14:53:29 INFO  o.a.catalina.core.StandardService - Starting service [Tomcat]
2024-06-04 14:53:29 INFO  o.a.catalina.core.StandardEngine - Starting Servlet engine: [Apache Tomcat/10.1.24]
2024-06-04 14:53:29 INFO  o.a.c.c.C.[Tomcat].[localhost].[/] - Initializing Spring embedded WebApplicationContext
2024-06-04 14:53:29 INFO  o.s.b.w.s.c.ServletWebServerApplicationContext - Root WebApplicationContext: initialization completed in 2705 ms
2024-06-04 14:53:30 INFO  o.s.b.d.a.OptionalLiveReloadServer - LiveReload server is running on port 35729
2024-06-04 14:53:30 INFO  o.a.coyote.http11.Http11NioProtocol - Starting ProtocolHandler ["http-nio-8888"]
2024-06-04 14:53:30 INFO  o.s.b.w.e.tomcat.TomcatWebServer - Tomcat started on port 8888 (http) with context path '/'
2024-06-04 14:53:30 INFO  c.c.c.ConfigserverApplication - Started ConfigserverApplication in 5.639 seconds (process running for 6.817)
2024-06-04 14:54:07 INFO  o.a.c.c.C.[Tomcat].[localhost].[/] - Initializing Spring DispatcherServlet 'dispatcherServlet'
2024-06-04 14:54:07 INFO  o.s.web.servlet.DispatcherServlet - Initializing Servlet 'dispatcherServlet'
2024-06-04 14:54:07 INFO  o.s.web.servlet.DispatcherServlet - Completed initialization in 1 ms
2024-06-04 15:44:10 INFO  o.s.b.d.a.LocalDevToolsAutoConfiguration$RestartingClassPathChangeChangedEventListener - Restarting due to 1 class path change (0 additions, 0 deletions, 1 modification)
2024-06-04 15:44:10 INFO  o.a.coyote.http11.Http11NioProtocol - Stopping ProtocolHandler ["http-nio-8888"]
2024-06-04 15:44:12 INFO  c.c.c.ConfigserverApplication - Starting ConfigserverApplication using Java 21.0.2 with PID 24236 (C:\Users\app\Desktop\project-step-3-we-need-a-br\configserver\target\classes started by app in C:\Users\app\Desktop\project-step-3-we-need-a-br\configserver)
2024-06-04 15:44:12 INFO  c.c.c.ConfigserverApplication - No active profile set, falling back to 1 default profile: "default"
2024-06-04 15:44:14 INFO  o.s.cloud.context.scope.GenericScope - BeanFactory id=b698b04d-8ff6-3217-9cbc-677eb0ad43d3
2024-06-04 15:44:15 INFO  o.s.b.w.e.tomcat.TomcatWebServer - Tomcat initialized with port 8888 (http)
2024-06-04 15:44:15 INFO  o.a.coyote.http11.Http11NioProtocol - Initializing ProtocolHandler ["http-nio-8888"]
2024-06-04 15:44:15 INFO  o.a.catalina.core.StandardService - Starting service [Tomcat]
2024-06-04 15:44:15 INFO  o.a.catalina.core.StandardEngine - Starting Servlet engine: [Apache Tomcat/10.1.24]
2024-06-04 15:44:15 INFO  o.a.c.c.C.[Tomcat].[localhost].[/] - Initializing Spring embedded WebApplicationContext
2024-06-04 15:44:15 INFO  o.s.b.w.s.c.ServletWebServerApplicationContext - Root WebApplicationContext: initialization completed in 2426 ms
2024-06-04 15:44:16 INFO  o.s.b.d.a.OptionalLiveReloadServer - LiveReload server is running on port 35729
2024-06-04 15:44:16 INFO  o.a.coyote.http11.Http11NioProtocol - Starting ProtocolHandler ["http-nio-8888"]
2024-06-04 15:44:16 INFO  o.s.b.w.e.tomcat.TomcatWebServer - Tomcat started on port 8888 (http) with context path '/'
2024-06-04 15:44:16 INFO  c.c.c.ConfigserverApplication - Started ConfigserverApplication in 4.422 seconds (process running for 3052.23)
2024-06-04 15:44:16 INFO  o.s.b.d.a.ConditionEvaluationDeltaLoggingListener - Condition evaluation unchanged
2024-06-04 15:44:17 INFO  o.s.b.d.a.LocalDevToolsAutoConfiguration$RestartingClassPathChangeChangedEventListener - Restarting due to 1 class path change (0 additions, 0 deletions, 1 modification)
2024-06-04 15:44:17 INFO  o.a.coyote.http11.Http11NioProtocol - Stopping ProtocolHandler ["http-nio-8888"]
2024-06-04 15:44:18 INFO  c.c.c.ConfigserverApplication - Starting ConfigserverApplication using Java 21.0.2 with PID 24236 (C:\Users\app\Desktop\project-step-3-we-need-a-br\configserver\target\classes started by app in C:\Users\app\Desktop\project-step-3-we-need-a-br\configserver)
2024-06-04 15:44:18 INFO  c.c.c.ConfigserverApplication - No active profile set, falling back to 1 default profile: "default"
2024-06-04 15:44:18 INFO  o.s.cloud.context.scope.GenericScope - BeanFactory id=b698b04d-8ff6-3217-9cbc-677eb0ad43d3
2024-06-04 15:44:18 INFO  o.s.b.w.e.tomcat.TomcatWebServer - Tomcat initialized with port 8888 (http)
2024-06-04 15:44:18 INFO  o.a.coyote.http11.Http11NioProtocol - Initializing ProtocolHandler ["http-nio-8888"]
2024-06-04 15:44:18 INFO  o.a.catalina.core.StandardService - Starting service [Tomcat]
2024-06-04 15:44:18 INFO  o.a.catalina.core.StandardEngine - Starting Servlet engine: [Apache Tomcat/10.1.24]
2024-06-04 15:44:19 INFO  o.a.c.c.C.[Tomcat].[localhost].[/] - Initializing Spring embedded WebApplicationContext
2024-06-04 15:44:19 INFO  o.s.b.w.s.c.ServletWebServerApplicationContext - Root WebApplicationContext: initialization completed in 1012 ms
2024-06-04 15:44:19 INFO  o.s.b.d.a.OptionalLiveReloadServer - LiveReload server is running on port 35729
2024-06-04 15:44:20 INFO  o.a.coyote.http11.Http11NioProtocol - Starting ProtocolHandler ["http-nio-8888"]
2024-06-04 15:44:20 INFO  o.s.b.w.e.tomcat.TomcatWebServer - Tomcat started on port 8888 (http) with context path '/'
2024-06-04 15:44:20 INFO  c.c.c.ConfigserverApplication - Started ConfigserverApplication in 2.081 seconds (process running for 3055.917)
2024-06-04 15:44:20 INFO  o.s.b.d.a.ConditionEvaluationDeltaLoggingListener - Condition evaluation unchanged
2024-06-04 15:44:22 INFO  o.s.b.d.a.LocalDevToolsAutoConfiguration$RestartingClassPathChangeChangedEventListener - Restarting due to 1 class path change (0 additions, 0 deletions, 1 modification)
2024-06-04 15:44:22 INFO  o.a.coyote.http11.Http11NioProtocol - Stopping ProtocolHandler ["http-nio-8888"]
2024-06-04 15:44:22 INFO  c.c.c.ConfigserverApplication - Starting ConfigserverApplication using Java 21.0.2 with PID 24236 (C:\Users\app\Desktop\project-step-3-we-need-a-br\configserver\target\classes started by app in C:\Users\app\Desktop\project-step-3-we-need-a-br\configserver)
2024-06-04 15:44:22 INFO  c.c.c.ConfigserverApplication - No active profile set, falling back to 1 default profile: "default"
2024-06-04 15:44:23 INFO  o.s.cloud.context.scope.GenericScope - BeanFactory id=b698b04d-8ff6-3217-9cbc-677eb0ad43d3
2024-06-04 15:44:23 INFO  o.s.b.w.e.tomcat.TomcatWebServer - Tomcat initialized with port 8888 (http)
2024-06-04 15:44:23 INFO  o.a.coyote.http11.Http11NioProtocol - Initializing ProtocolHandler ["http-nio-8888"]
2024-06-04 15:44:23 INFO  o.a.catalina.core.StandardService - Starting service [Tomcat]
2024-06-04 15:44:23 INFO  o.a.catalina.core.StandardEngine - Starting Servlet engine: [Apache Tomcat/10.1.24]
2024-06-04 15:44:23 INFO  o.a.c.c.C.[Tomcat].[localhost].[/] - Initializing Spring embedded WebApplicationContext
2024-06-04 15:44:23 INFO  o.s.b.w.s.c.ServletWebServerApplicationContext - Root WebApplicationContext: initialization completed in 1045 ms
2024-06-04 15:44:23 INFO  o.s.b.d.a.OptionalLiveReloadServer - LiveReload server is running on port 35729
2024-06-04 15:44:24 INFO  o.a.coyote.http11.Http11NioProtocol - Starting ProtocolHandler ["http-nio-8888"]
2024-06-04 15:44:24 INFO  o.s.b.w.e.tomcat.TomcatWebServer - Tomcat started on port 8888 (http) with context path '/'
2024-06-04 15:44:24 INFO  c.c.c.ConfigserverApplication - Started ConfigserverApplication in 1.915 seconds (process running for 3060.139)
2024-06-04 15:44:24 INFO  o.s.b.d.a.ConditionEvaluationDeltaLoggingListener - Condition evaluation unchanged
2024-06-04 15:44:27 INFO  o.s.b.d.a.LocalDevToolsAutoConfiguration$RestartingClassPathChangeChangedEventListener - Restarting due to 1 class path change (0 additions, 0 deletions, 1 modification)
2024-06-04 15:44:27 INFO  o.a.coyote.http11.Http11NioProtocol - Stopping ProtocolHandler ["http-nio-8888"]
2024-06-04 15:44:28 INFO  c.c.c.ConfigserverApplication - Starting ConfigserverApplication using Java 21.0.2 with PID 24236 (C:\Users\app\Desktop\project-step-3-we-need-a-br\configserver\target\classes started by app in C:\Users\app\Desktop\project-step-3-we-need-a-br\configserver)
2024-06-04 15:44:28 INFO  c.c.c.ConfigserverApplication - No active profile set, falling back to 1 default profile: "default"
2024-06-04 15:44:28 INFO  o.s.cloud.context.scope.GenericScope - BeanFactory id=b698b04d-8ff6-3217-9cbc-677eb0ad43d3
2024-06-04 15:44:28 INFO  o.s.b.w.e.tomcat.TomcatWebServer - Tomcat initialized with port 8888 (http)
2024-06-04 15:44:28 INFO  o.a.coyote.http11.Http11NioProtocol - Initializing ProtocolHandler ["http-nio-8888"]
2024-06-04 15:44:28 INFO  o.a.catalina.core.StandardService - Starting service [Tomcat]
2024-06-04 15:44:28 INFO  o.a.catalina.core.StandardEngine - Starting Servlet engine: [Apache Tomcat/10.1.24]
2024-06-04 15:44:28 INFO  o.a.c.c.C.[Tomcat].[localhost].[/] - Initializing Spring embedded WebApplicationContext
2024-06-04 15:44:28 INFO  o.s.b.w.s.c.ServletWebServerApplicationContext - Root WebApplicationContext: initialization completed in 772 ms
2024-06-04 15:44:29 INFO  o.s.b.d.a.OptionalLiveReloadServer - LiveReload server is running on port 35729
2024-06-04 15:44:29 INFO  o.a.coyote.http11.Http11NioProtocol - Starting ProtocolHandler ["http-nio-8888"]
2024-06-04 15:44:29 INFO  o.s.b.w.e.tomcat.TomcatWebServer - Tomcat started on port 8888 (http) with context path '/'
2024-06-04 15:44:29 INFO  c.c.c.ConfigserverApplication - Started ConfigserverApplication in 1.821 seconds (process running for 3065.348)
2024-06-04 15:44:29 INFO  o.s.b.d.a.ConditionEvaluationDeltaLoggingListener - Condition evaluation unchanged
2024-06-04 15:44:31 INFO  o.s.b.d.a.LocalDevToolsAutoConfiguration$RestartingClassPathChangeChangedEventListener - Restarting due to 1 class path change (0 additions, 0 deletions, 1 modification)
2024-06-04 15:44:31 INFO  o.a.coyote.http11.Http11NioProtocol - Stopping ProtocolHandler ["http-nio-8888"]
2024-06-04 15:44:32 INFO  c.c.c.ConfigserverApplication - Starting ConfigserverApplication using Java 21.0.2 with PID 24236 (C:\Users\app\Desktop\project-step-3-we-need-a-br\configserver\target\classes started by app in C:\Users\app\Desktop\project-step-3-we-need-a-br\configserver)
2024-06-04 15:44:32 INFO  c.c.c.ConfigserverApplication - No active profile set, falling back to 1 default profile: "default"
2024-06-04 15:44:32 INFO  o.s.cloud.context.scope.GenericScope - BeanFactory id=b698b04d-8ff6-3217-9cbc-677eb0ad43d3
2024-06-04 15:44:33 INFO  o.s.b.w.e.tomcat.TomcatWebServer - Tomcat initialized with port 8888 (http)
2024-06-04 15:44:33 INFO  o.a.coyote.http11.Http11NioProtocol - Initializing ProtocolHandler ["http-nio-8888"]
2024-06-04 15:44:33 INFO  o.a.catalina.core.StandardService - Starting service [Tomcat]
2024-06-04 15:44:33 INFO  o.a.catalina.core.StandardEngine - Starting Servlet engine: [Apache Tomcat/10.1.24]
2024-06-04 15:44:33 INFO  o.a.c.c.C.[Tomcat].[localhost].[/] - Initializing Spring embedded WebApplicationContext
2024-06-04 15:44:33 INFO  o.s.b.w.s.c.ServletWebServerApplicationContext - Root WebApplicationContext: initialization completed in 1038 ms
2024-06-04 15:44:33 INFO  o.s.b.d.a.OptionalLiveReloadServer - LiveReload server is running on port 35729
2024-06-04 15:44:33 INFO  o.a.coyote.http11.Http11NioProtocol - Starting ProtocolHandler ["http-nio-8888"]
2024-06-04 15:44:33 INFO  o.s.b.w.e.tomcat.TomcatWebServer - Tomcat started on port 8888 (http) with context path '/'
2024-06-04 15:44:33 INFO  c.c.c.ConfigserverApplication - Started ConfigserverApplication in 1.938 seconds (process running for 3069.629)
2024-06-04 15:44:33 INFO  o.s.b.d.a.ConditionEvaluationDeltaLoggingListener - Condition evaluation unchanged
2024-06-04 15:44:34 INFO  o.s.b.d.a.LocalDevToolsAutoConfiguration$RestartingClassPathChangeChangedEventListener - Restarting due to 1 class path change (0 additions, 0 deletions, 1 modification)
2024-06-04 15:44:35 INFO  o.a.coyote.http11.Http11NioProtocol - Stopping ProtocolHandler ["http-nio-8888"]
2024-06-04 15:44:35 INFO  c.c.c.ConfigserverApplication - Starting ConfigserverApplication using Java 21.0.2 with PID 24236 (C:\Users\app\Desktop\project-step-3-we-need-a-br\configserver\target\classes started by app in C:\Users\app\Desktop\project-step-3-we-need-a-br\configserver)
2024-06-04 15:44:35 INFO  c.c.c.ConfigserverApplication - No active profile set, falling back to 1 default profile: "default"
2024-06-04 15:44:36 INFO  o.s.cloud.context.scope.GenericScope - BeanFactory id=b698b04d-8ff6-3217-9cbc-677eb0ad43d3
2024-06-04 15:44:36 INFO  o.s.b.w.e.tomcat.TomcatWebServer - Tomcat initialized with port 8888 (http)
2024-06-04 15:44:36 INFO  o.a.coyote.http11.Http11NioProtocol - Initializing ProtocolHandler ["http-nio-8888"]
2024-06-04 15:44:36 INFO  o.a.catalina.core.StandardService - Starting service [Tomcat]
2024-06-04 15:44:36 INFO  o.a.catalina.core.StandardEngine - Starting Servlet engine: [Apache Tomcat/10.1.24]
2024-06-04 15:44:37 INFO  o.a.c.c.C.[Tomcat].[localhost].[/] - Initializing Spring embedded WebApplicationContext
2024-06-04 15:44:37 INFO  o.s.b.w.s.c.ServletWebServerApplicationContext - Root WebApplicationContext: initialization completed in 1613 ms
2024-06-04 15:44:37 INFO  o.s.b.d.a.OptionalLiveReloadServer - LiveReload server is running on port 35729
2024-06-04 15:44:37 INFO  o.a.coyote.http11.Http11NioProtocol - Starting ProtocolHandler ["http-nio-8888"]
2024-06-04 15:44:37 INFO  o.s.b.w.e.tomcat.TomcatWebServer - Tomcat started on port 8888 (http) with context path '/'
2024-06-04 15:44:37 INFO  c.c.c.ConfigserverApplication - Started ConfigserverApplication in 2.79 seconds (process running for 3073.847)
2024-06-04 15:44:37 INFO  o.s.b.d.a.ConditionEvaluationDeltaLoggingListener - Condition evaluation unchanged
2024-06-04 15:50:40 INFO  o.a.c.c.C.[Tomcat].[localhost].[/] - Initializing Spring DispatcherServlet 'dispatcherServlet'
2024-06-04 15:50:40 INFO  o.s.web.servlet.DispatcherServlet - Initializing Servlet 'dispatcherServlet'
2024-06-04 15:50:41 INFO  o.s.web.servlet.DispatcherServlet - Completed initialization in 139 ms
2024-06-04 16:38:23 INFO  o.h.validator.internal.util.Version - HV000001: Hibernate Validator 8.0.1.Final
2024-06-04 16:38:23 INFO  c.c.c.ConfigserverApplication - Starting ConfigserverApplication using Java 21.0.2 with PID 32356 (C:\Users\app\Desktop\project-step-3-we-need-a-br\configserver\target\classes started by app in C:\Users\app\Desktop\project-step-3-we-need-a-br\configserver)
2024-06-04 16:38:23 INFO  c.c.c.ConfigserverApplication - No active profile set, falling back to 1 default profile: "default"
2024-06-04 16:38:23 INFO  o.s.b.d.e.DevToolsPropertyDefaultsPostProcessor - Devtools property defaults active! Set 'spring.devtools.add-properties' to 'false' to disable
2024-06-04 16:38:23 INFO  o.s.b.d.e.DevToolsPropertyDefaultsPostProcessor - For additional web related logging consider setting the 'logging.level.web' property to 'DEBUG'
2024-06-04 16:38:26 INFO  o.s.cloud.context.scope.GenericScope - BeanFactory id=b698b04d-8ff6-3217-9cbc-677eb0ad43d3
2024-06-04 16:38:27 INFO  o.s.b.w.e.tomcat.TomcatWebServer - Tomcat initialized with port 8888 (http)
2024-06-04 16:38:27 INFO  o.a.coyote.http11.Http11NioProtocol - Initializing ProtocolHandler ["http-nio-8888"]
2024-06-04 16:38:27 INFO  o.a.catalina.core.StandardService - Starting service [Tomcat]
2024-06-04 16:38:27 INFO  o.a.catalina.core.StandardEngine - Starting Servlet engine: [Apache Tomcat/10.1.24]
2024-06-04 16:38:27 INFO  o.a.c.c.C.[Tomcat].[localhost].[/] - Initializing Spring embedded WebApplicationContext
2024-06-04 16:38:27 INFO  o.s.b.w.s.c.ServletWebServerApplicationContext - Root WebApplicationContext: initialization completed in 4184 ms
2024-06-04 16:38:29 INFO  o.s.b.d.a.OptionalLiveReloadServer - LiveReload server is running on port 35729
2024-06-04 16:38:30 INFO  o.a.coyote.http11.Http11NioProtocol - Starting ProtocolHandler ["http-nio-8888"]
2024-06-04 16:38:30 INFO  o.s.b.w.e.tomcat.TomcatWebServer - Tomcat started on port 8888 (http) with context path '/'
2024-06-04 16:38:30 INFO  c.c.c.ConfigserverApplication - Started ConfigserverApplication in 9.237 seconds (process running for 11.429)
2024-06-04 16:38:41 INFO  o.a.c.c.C.[Tomcat].[localhost].[/] - Initializing Spring DispatcherServlet 'dispatcherServlet'
2024-06-04 16:38:41 INFO  o.s.web.servlet.DispatcherServlet - Initializing Servlet 'dispatcherServlet'
2024-06-04 16:38:41 INFO  o.s.web.servlet.DispatcherServlet - Completed initialization in 14 ms
2024-06-04 16:42:23 INFO  o.h.validator.internal.util.Version - HV000001: Hibernate Validator 8.0.1.Final
2024-06-04 16:42:24 INFO  c.c.c.ConfigserverApplication - Starting ConfigserverApplication using Java 21.0.2 with PID 320 (C:\Users\app\Desktop\project-step-3-we-need-a-br\configserver\target\classes started by app in C:\Users\app\Desktop\project-step-3-we-need-a-br\configserver)
2024-06-04 16:42:24 INFO  c.c.c.ConfigserverApplication - No active profile set, falling back to 1 default profile: "default"
2024-06-04 16:42:24 INFO  o.s.b.d.e.DevToolsPropertyDefaultsPostProcessor - Devtools property defaults active! Set 'spring.devtools.add-properties' to 'false' to disable
2024-06-04 16:42:24 INFO  o.s.b.d.e.DevToolsPropertyDefaultsPostProcessor - For additional web related logging consider setting the 'logging.level.web' property to 'DEBUG'
2024-06-04 16:42:27 INFO  o.s.cloud.context.scope.GenericScope - BeanFactory id=b698b04d-8ff6-3217-9cbc-677eb0ad43d3
2024-06-04 16:42:28 INFO  o.s.b.w.e.tomcat.TomcatWebServer - Tomcat initialized with port 8888 (http)
2024-06-04 16:42:28 INFO  o.a.coyote.http11.Http11NioProtocol - Initializing ProtocolHandler ["http-nio-8888"]
2024-06-04 16:42:28 INFO  o.a.catalina.core.StandardService - Starting service [Tomcat]
2024-06-04 16:42:28 INFO  o.a.catalina.core.StandardEngine - Starting Servlet engine: [Apache Tomcat/10.1.24]
2024-06-04 16:42:28 INFO  o.a.c.c.C.[Tomcat].[localhost].[/] - Initializing Spring embedded WebApplicationContext
2024-06-04 16:42:28 INFO  o.s.b.w.s.c.ServletWebServerApplicationContext - Root WebApplicationContext: initialization completed in 4646 ms
2024-06-04 16:42:30 INFO  o.s.b.d.a.OptionalLiveReloadServer - LiveReload server is running on port 35729
2024-06-04 16:42:31 INFO  o.a.coyote.http11.Http11NioProtocol - Starting ProtocolHandler ["http-nio-8888"]
2024-06-04 16:42:31 INFO  o.s.b.w.e.tomcat.TomcatWebServer - Tomcat started on port 8888 (http) with context path '/'
2024-06-04 16:42:31 INFO  c.c.c.ConfigserverApplication - Started ConfigserverApplication in 9.422 seconds (process running for 11.294)
2024-06-04 16:42:47 INFO  o.a.c.c.C.[Tomcat].[localhost].[/] - Initializing Spring DispatcherServlet 'dispatcherServlet'
2024-06-04 16:42:47 INFO  o.s.web.servlet.DispatcherServlet - Initializing Servlet 'dispatcherServlet'
2024-06-04 16:42:47 INFO  o.s.web.servlet.DispatcherServlet - Completed initialization in 2 ms
2024-06-04 16:52:42 INFO  o.h.validator.internal.util.Version - HV000001: Hibernate Validator 8.0.1.Final
2024-06-04 16:52:42 INFO  c.c.c.ConfigserverApplication - Starting ConfigserverApplication using Java 21.0.2 with PID 2860 (C:\Users\app\Desktop\project-step-3-we-need-a-br\configserver\target\classes started by app in C:\Users\app\Desktop\project-step-3-we-need-a-br\configserver)
2024-06-04 16:52:42 INFO  c.c.c.ConfigserverApplication - No active profile set, falling back to 1 default profile: "default"
2024-06-04 16:52:43 INFO  o.s.b.d.e.DevToolsPropertyDefaultsPostProcessor - Devtools property defaults active! Set 'spring.devtools.add-properties' to 'false' to disable
2024-06-04 16:52:43 INFO  o.s.b.d.e.DevToolsPropertyDefaultsPostProcessor - For additional web related logging consider setting the 'logging.level.web' property to 'DEBUG'
2024-06-04 16:52:46 INFO  o.s.cloud.context.scope.GenericScope - BeanFactory id=b698b04d-8ff6-3217-9cbc-677eb0ad43d3
2024-06-04 16:52:47 INFO  o.s.b.w.e.tomcat.TomcatWebServer - Tomcat initialized with port 8888 (http)
2024-06-04 16:52:47 INFO  o.a.coyote.http11.Http11NioProtocol - Initializing ProtocolHandler ["http-nio-8888"]
2024-06-04 16:52:47 INFO  o.a.catalina.core.StandardService - Starting service [Tomcat]
2024-06-04 16:52:47 INFO  o.a.catalina.core.StandardEngine - Starting Servlet engine: [Apache Tomcat/10.1.24]
2024-06-04 16:52:47 INFO  o.a.c.c.C.[Tomcat].[localhost].[/] - Initializing Spring embedded WebApplicationContext
2024-06-04 16:52:47 INFO  o.s.b.w.s.c.ServletWebServerApplicationContext - Root WebApplicationContext: initialization completed in 4317 ms
2024-06-04 16:52:49 INFO  o.s.b.d.a.OptionalLiveReloadServer - LiveReload server is running on port 35729
2024-06-04 16:52:50 INFO  o.a.coyote.http11.Http11NioProtocol - Starting ProtocolHandler ["http-nio-8888"]
2024-06-04 16:52:50 INFO  o.s.b.w.e.tomcat.TomcatWebServer - Tomcat started on port 8888 (http) with context path '/'
2024-06-04 16:52:50 INFO  c.c.c.ConfigserverApplication - Started ConfigserverApplication in 9.197 seconds (process running for 11.387)
2024-06-04 16:53:06 INFO  o.a.c.c.C.[Tomcat].[localhost].[/] - Initializing Spring DispatcherServlet 'dispatcherServlet'
2024-06-04 16:53:06 INFO  o.s.web.servlet.DispatcherServlet - Initializing Servlet 'dispatcherServlet'
2024-06-04 16:53:06 INFO  o.s.web.servlet.DispatcherServlet - Completed initialization in 2 ms
2024-06-04 21:19:03 INFO  o.h.validator.internal.util.Version - HV000001: Hibernate Validator 8.0.1.Final
2024-06-04 21:19:03 INFO  c.c.c.ConfigserverApplication - Starting ConfigserverApplication using Java 21.0.2 with PID 24456 (C:\Users\app\Desktop\project-step-3-we-need-a-br\configserver\target\classes started by app in C:\Users\app\Desktop\project-step-3-we-need-a-br\configserver)
2024-06-04 21:19:03 INFO  c.c.c.ConfigserverApplication - No active profile set, falling back to 1 default profile: "default"
2024-06-04 21:19:03 INFO  o.s.b.d.e.DevToolsPropertyDefaultsPostProcessor - Devtools property defaults active! Set 'spring.devtools.add-properties' to 'false' to disable
2024-06-04 21:19:03 INFO  o.s.b.d.e.DevToolsPropertyDefaultsPostProcessor - For additional web related logging consider setting the 'logging.level.web' property to 'DEBUG'
2024-06-04 21:19:05 INFO  o.s.cloud.context.scope.GenericScope - BeanFactory id=b698b04d-8ff6-3217-9cbc-677eb0ad43d3
2024-06-04 21:19:05 INFO  o.s.b.w.e.tomcat.TomcatWebServer - Tomcat initialized with port 8888 (http)
2024-06-04 21:19:05 INFO  o.a.coyote.http11.Http11NioProtocol - Initializing ProtocolHandler ["http-nio-8888"]
2024-06-04 21:19:05 INFO  o.a.catalina.core.StandardService - Starting service [Tomcat]
2024-06-04 21:19:05 INFO  o.a.catalina.core.StandardEngine - Starting Servlet engine: [Apache Tomcat/10.1.24]
2024-06-04 21:19:06 INFO  o.a.c.c.C.[Tomcat].[localhost].[/] - Initializing Spring embedded WebApplicationContext
2024-06-04 21:19:06 INFO  o.s.b.w.s.c.ServletWebServerApplicationContext - Root WebApplicationContext: initialization completed in 2847 ms
2024-06-04 21:19:07 INFO  o.s.b.d.a.OptionalLiveReloadServer - LiveReload server is running on port 35729
2024-06-04 21:19:07 INFO  o.a.coyote.http11.Http11NioProtocol - Starting ProtocolHandler ["http-nio-8888"]
2024-06-04 21:19:07 INFO  o.s.b.w.e.tomcat.TomcatWebServer - Tomcat started on port 8888 (http) with context path '/'
2024-06-04 21:19:07 INFO  c.c.c.ConfigserverApplication - Started ConfigserverApplication in 6.154 seconds (process running for 7.733)
2024-06-04 21:19:31 INFO  o.a.c.c.C.[Tomcat].[localhost].[/] - Initializing Spring DispatcherServlet 'dispatcherServlet'
2024-06-04 21:19:31 INFO  o.s.web.servlet.DispatcherServlet - Initializing Servlet 'dispatcherServlet'
2024-06-04 21:19:31 INFO  o.s.web.servlet.DispatcherServlet - Completed initialization in 1 ms
2024-06-04 21:37:03 WARN  o.s.c.c.s.e.MultipleJGitEnvironmentRepository - Could not fetch remote for main remote: https://github.com/S24-SWER313/config-repo-we-need-a-br.git
2024-06-04 21:39:31 INFO  o.h.validator.internal.util.Version - HV000001: Hibernate Validator 8.0.1.Final
2024-06-04 21:39:31 INFO  c.c.c.ConfigserverApplication - Starting ConfigserverApplication using Java 21.0.2 with PID 5580 (C:\Users\app\Desktop\project-step-3-we-need-a-br\configserver\target\classes started by app in C:\Users\app\Desktop\project-step-3-we-need-a-br\configserver)
2024-06-04 21:39:31 INFO  c.c.c.ConfigserverApplication - No active profile set, falling back to 1 default profile: "default"
2024-06-04 21:39:31 INFO  o.s.b.d.e.DevToolsPropertyDefaultsPostProcessor - Devtools property defaults active! Set 'spring.devtools.add-properties' to 'false' to disable
2024-06-04 21:39:31 INFO  o.s.b.d.e.DevToolsPropertyDefaultsPostProcessor - For additional web related logging consider setting the 'logging.level.web' property to 'DEBUG'
2024-06-04 21:39:34 INFO  o.s.cloud.context.scope.GenericScope - BeanFactory id=b698b04d-8ff6-3217-9cbc-677eb0ad43d3
2024-06-04 21:39:34 INFO  o.s.b.w.e.tomcat.TomcatWebServer - Tomcat initialized with port 8888 (http)
2024-06-04 21:39:35 INFO  o.a.coyote.http11.Http11NioProtocol - Initializing ProtocolHandler ["http-nio-8888"]
2024-06-04 21:39:35 INFO  o.a.catalina.core.StandardService - Starting service [Tomcat]
2024-06-04 21:39:35 INFO  o.a.catalina.core.StandardEngine - Starting Servlet engine: [Apache Tomcat/10.1.24]
2024-06-04 21:39:35 INFO  o.a.c.c.C.[Tomcat].[localhost].[/] - Initializing Spring embedded WebApplicationContext
2024-06-04 21:39:35 INFO  o.s.b.w.s.c.ServletWebServerApplicationContext - Root WebApplicationContext: initialization completed in 3224 ms
2024-06-04 21:39:36 INFO  o.s.b.d.a.OptionalLiveReloadServer - LiveReload server is running on port 35729
2024-06-04 21:39:37 INFO  o.a.coyote.http11.Http11NioProtocol - Starting ProtocolHandler ["http-nio-8888"]
2024-06-04 21:39:37 INFO  o.s.b.w.e.tomcat.TomcatWebServer - Tomcat started on port 8888 (http) with context path '/'
2024-06-04 21:39:37 INFO  c.c.c.ConfigserverApplication - Started ConfigserverApplication in 6.797 seconds (process running for 8.31)
2024-06-04 21:39:43 INFO  o.a.c.c.C.[Tomcat].[localhost].[/] - Initializing Spring DispatcherServlet 'dispatcherServlet'
2024-06-04 21:39:43 INFO  o.s.web.servlet.DispatcherServlet - Initializing Servlet 'dispatcherServlet'
2024-06-04 21:39:43 INFO  o.s.web.servlet.DispatcherServlet - Completed initialization in 3 ms
2024-06-04 22:06:49 INFO  o.h.validator.internal.util.Version - HV000001: Hibernate Validator 8.0.1.Final
2024-06-04 22:06:49 INFO  c.c.c.ConfigserverApplication - Starting ConfigserverApplication using Java 21.0.2 with PID 11116 (C:\Users\app\Desktop\project-step-3-we-need-a-br\configserver\target\classes started by app in C:\Users\app\Desktop\project-step-3-we-need-a-br\configserver)
2024-06-04 22:06:49 INFO  c.c.c.ConfigserverApplication - No active profile set, falling back to 1 default profile: "default"
2024-06-04 22:06:49 INFO  o.s.b.d.e.DevToolsPropertyDefaultsPostProcessor - Devtools property defaults active! Set 'spring.devtools.add-properties' to 'false' to disable
2024-06-04 22:06:49 INFO  o.s.b.d.e.DevToolsPropertyDefaultsPostProcessor - For additional web related logging consider setting the 'logging.level.web' property to 'DEBUG'
2024-06-04 22:06:51 INFO  o.s.cloud.context.scope.GenericScope - BeanFactory id=b698b04d-8ff6-3217-9cbc-677eb0ad43d3
2024-06-04 22:06:52 INFO  o.s.b.w.e.tomcat.TomcatWebServer - Tomcat initialized with port 8888 (http)
2024-06-04 22:06:52 INFO  o.a.coyote.http11.Http11NioProtocol - Initializing ProtocolHandler ["http-nio-8888"]
2024-06-04 22:06:52 INFO  o.a.catalina.core.StandardService - Starting service [Tomcat]
2024-06-04 22:06:52 INFO  o.a.catalina.core.StandardEngine - Starting Servlet engine: [Apache Tomcat/10.1.24]
2024-06-04 22:06:52 INFO  o.a.c.c.C.[Tomcat].[localhost].[/] - Initializing Spring embedded WebApplicationContext
2024-06-04 22:06:52 INFO  o.s.b.w.s.c.ServletWebServerApplicationContext - Root WebApplicationContext: initialization completed in 3192 ms
2024-06-04 22:06:53 INFO  o.s.b.d.a.OptionalLiveReloadServer - LiveReload server is running on port 35729
2024-06-04 22:06:54 INFO  o.a.coyote.http11.Http11NioProtocol - Starting ProtocolHandler ["http-nio-8888"]
2024-06-04 22:06:54 INFO  o.s.b.w.e.tomcat.TomcatWebServer - Tomcat started on port 8888 (http) with context path '/'
2024-06-04 22:06:54 INFO  c.c.c.ConfigserverApplication - Started ConfigserverApplication in 6.578 seconds (process running for 7.815)
2024-06-04 22:06:59 INFO  o.a.c.c.C.[Tomcat].[localhost].[/] - Initializing Spring DispatcherServlet 'dispatcherServlet'
2024-06-04 22:06:59 INFO  o.s.web.servlet.DispatcherServlet - Initializing Servlet 'dispatcherServlet'
2024-06-04 22:06:59 INFO  o.s.web.servlet.DispatcherServlet - Completed initialization in 0 ms
2024-06-04 22:59:19 INFO  o.h.validator.internal.util.Version - HV000001: Hibernate Validator 8.0.1.Final
2024-06-04 22:59:20 INFO  c.c.c.ConfigserverApplication - Starting ConfigserverApplication using Java 21.0.2 with PID 26888 (C:\Users\app\Desktop\project-step-3-we-need-a-br\configserver\target\classes started by app in C:\Users\app\Desktop\project-step-3-we-need-a-br\configserver)
2024-06-04 22:59:20 INFO  c.c.c.ConfigserverApplication - No active profile set, falling back to 1 default profile: "default"
2024-06-04 22:59:20 INFO  o.s.b.d.e.DevToolsPropertyDefaultsPostProcessor - Devtools property defaults active! Set 'spring.devtools.add-properties' to 'false' to disable
2024-06-04 22:59:20 INFO  o.s.b.d.e.DevToolsPropertyDefaultsPostProcessor - For additional web related logging consider setting the 'logging.level.web' property to 'DEBUG'
2024-06-04 22:59:23 INFO  o.s.cloud.context.scope.GenericScope - BeanFactory id=b698b04d-8ff6-3217-9cbc-677eb0ad43d3
2024-06-04 22:59:24 INFO  o.s.b.w.e.tomcat.TomcatWebServer - Tomcat initialized with port 8888 (http)
2024-06-04 22:59:24 INFO  o.a.coyote.http11.Http11NioProtocol - Initializing ProtocolHandler ["http-nio-8888"]
2024-06-04 22:59:24 INFO  o.a.catalina.core.StandardService - Starting service [Tomcat]
2024-06-04 22:59:24 INFO  o.a.catalina.core.StandardEngine - Starting Servlet engine: [Apache Tomcat/10.1.24]
2024-06-04 22:59:24 INFO  o.a.c.c.C.[Tomcat].[localhost].[/] - Initializing Spring embedded WebApplicationContext
2024-06-04 22:59:24 INFO  o.s.b.w.s.c.ServletWebServerApplicationContext - Root WebApplicationContext: initialization completed in 4407 ms
2024-06-04 22:59:26 INFO  o.s.b.d.a.OptionalLiveReloadServer - LiveReload server is running on port 35729
2024-06-04 22:59:27 INFO  o.a.coyote.http11.Http11NioProtocol - Starting ProtocolHandler ["http-nio-8888"]
2024-06-04 22:59:27 INFO  o.s.b.w.e.tomcat.TomcatWebServer - Tomcat started on port 8888 (http) with context path '/'
2024-06-04 22:59:27 INFO  c.c.c.ConfigserverApplication - Started ConfigserverApplication in 9.605 seconds (process running for 11.841)
2024-06-04 22:59:39 INFO  o.a.c.c.C.[Tomcat].[localhost].[/] - Initializing Spring DispatcherServlet 'dispatcherServlet'
2024-06-04 22:59:39 INFO  o.s.web.servlet.DispatcherServlet - Initializing Servlet 'dispatcherServlet'
2024-06-04 22:59:39 INFO  o.s.web.servlet.DispatcherServlet - Completed initialization in 3 ms
2024-06-04 23:08:50 WARN  o.s.w.s.m.s.DefaultHandlerExceptionResolver - Resolved [org.springframework.web.context.request.async.AsyncRequestNotUsableException: ServletOutputStream failed to flush: java.io.IOException: Connection reset by peer]
2024-06-04 23:26:57 INFO  o.h.validator.internal.util.Version - HV000001: Hibernate Validator 8.0.1.Final
2024-06-04 23:26:57 INFO  c.c.c.ConfigserverApplication - Starting ConfigserverApplication using Java 21.0.2 with PID 14684 (C:\Users\app\Desktop\project-step-3-we-need-a-br\configserver\target\classes started by app in C:\Users\app\Desktop\project-step-3-we-need-a-br\configserver)
2024-06-04 23:26:57 INFO  c.c.c.ConfigserverApplication - No active profile set, falling back to 1 default profile: "default"
2024-06-04 23:26:58 INFO  o.s.b.d.e.DevToolsPropertyDefaultsPostProcessor - Devtools property defaults active! Set 'spring.devtools.add-properties' to 'false' to disable
2024-06-04 23:26:58 INFO  o.s.b.d.e.DevToolsPropertyDefaultsPostProcessor - For additional web related logging consider setting the 'logging.level.web' property to 'DEBUG'
2024-06-04 23:27:01 INFO  o.s.cloud.context.scope.GenericScope - BeanFactory id=b698b04d-8ff6-3217-9cbc-677eb0ad43d3
2024-06-04 23:27:02 INFO  o.s.b.w.e.tomcat.TomcatWebServer - Tomcat initialized with port 8888 (http)
2024-06-04 23:27:02 INFO  o.a.coyote.http11.Http11NioProtocol - Initializing ProtocolHandler ["http-nio-8888"]
2024-06-04 23:27:02 INFO  o.a.catalina.core.StandardService - Starting service [Tomcat]
2024-06-04 23:27:02 INFO  o.a.catalina.core.StandardEngine - Starting Servlet engine: [Apache Tomcat/10.1.24]
2024-06-04 23:27:02 INFO  o.a.c.c.C.[Tomcat].[localhost].[/] - Initializing Spring embedded WebApplicationContext
2024-06-04 23:27:02 INFO  o.s.b.w.s.c.ServletWebServerApplicationContext - Root WebApplicationContext: initialization completed in 4561 ms
2024-06-04 23:27:04 INFO  o.s.b.d.a.OptionalLiveReloadServer - LiveReload server is running on port 35729
2024-06-04 23:27:05 INFO  o.a.coyote.http11.Http11NioProtocol - Starting ProtocolHandler ["http-nio-8888"]
2024-06-04 23:27:05 INFO  o.s.b.w.e.tomcat.TomcatWebServer - Tomcat started on port 8888 (http) with context path '/'
2024-06-04 23:27:05 INFO  c.c.c.ConfigserverApplication - Started ConfigserverApplication in 10.005 seconds (process running for 12.393)
2024-06-04 23:27:38 INFO  o.a.c.c.C.[Tomcat].[localhost].[/] - Initializing Spring DispatcherServlet 'dispatcherServlet'
2024-06-04 23:27:38 INFO  o.s.web.servlet.DispatcherServlet - Initializing Servlet 'dispatcherServlet'
2024-06-04 23:27:38 INFO  o.s.web.servlet.DispatcherServlet - Completed initialization in 1 ms
2024-06-04 23:39:05 INFO  o.h.validator.internal.util.Version - HV000001: Hibernate Validator 8.0.1.Final
2024-06-04 23:39:05 INFO  c.c.c.ConfigserverApplication - Starting ConfigserverApplication using Java 21.0.2 with PID 33256 (C:\Users\app\Desktop\project-step-3-we-need-a-br\configserver\target\classes started by app in C:\Users\app\Desktop\project-step-3-we-need-a-br\configserver)
2024-06-04 23:39:05 INFO  c.c.c.ConfigserverApplication - No active profile set, falling back to 1 default profile: "default"
2024-06-04 23:39:05 INFO  o.s.b.d.e.DevToolsPropertyDefaultsPostProcessor - Devtools property defaults active! Set 'spring.devtools.add-properties' to 'false' to disable
2024-06-04 23:39:05 INFO  o.s.b.d.e.DevToolsPropertyDefaultsPostProcessor - For additional web related logging consider setting the 'logging.level.web' property to 'DEBUG'
2024-06-04 23:39:09 INFO  o.s.cloud.context.scope.GenericScope - BeanFactory id=b698b04d-8ff6-3217-9cbc-677eb0ad43d3
2024-06-04 23:39:10 INFO  o.s.b.w.e.tomcat.TomcatWebServer - Tomcat initialized with port 8888 (http)
2024-06-04 23:39:10 INFO  o.a.coyote.http11.Http11NioProtocol - Initializing ProtocolHandler ["http-nio-8888"]
2024-06-04 23:39:10 INFO  o.a.catalina.core.StandardService - Starting service [Tomcat]
2024-06-04 23:39:10 INFO  o.a.catalina.core.StandardEngine - Starting Servlet engine: [Apache Tomcat/10.1.24]
2024-06-04 23:39:10 INFO  o.a.c.c.C.[Tomcat].[localhost].[/] - Initializing Spring embedded WebApplicationContext
2024-06-04 23:39:10 INFO  o.s.b.w.s.c.ServletWebServerApplicationContext - Root WebApplicationContext: initialization completed in 4870 ms
2024-06-04 23:39:12 INFO  o.s.b.d.a.OptionalLiveReloadServer - LiveReload server is running on port 35729
2024-06-04 23:39:13 INFO  o.a.coyote.http11.Http11NioProtocol - Starting ProtocolHandler ["http-nio-8888"]
2024-06-04 23:39:13 INFO  o.s.b.w.e.tomcat.TomcatWebServer - Tomcat started on port 8888 (http) with context path '/'
2024-06-04 23:39:13 INFO  c.c.c.ConfigserverApplication - Started ConfigserverApplication in 10.326 seconds (process running for 12.851)
2024-06-04 23:39:56 INFO  o.a.c.c.C.[Tomcat].[localhost].[/] - Initializing Spring DispatcherServlet 'dispatcherServlet'
2024-06-04 23:39:56 INFO  o.s.web.servlet.DispatcherServlet - Initializing Servlet 'dispatcherServlet'
2024-06-04 23:39:56 INFO  o.s.web.servlet.DispatcherServlet - Completed initialization in 3 ms
