2024-06-04 00:41:00 INFO  o.h.validator.internal.util.Version - HV000001: Hibernate Validator 8.0.1.Final
2024-06-04 00:41:00 INFO  c.c.c.ConfigserverApplication - Starting ConfigserverApplication using Java 21.0.2 with PID 30436 (C:\Users\SAQERpc\Desktop\MicroProo\project-step-3-we-need-a-br\configserver\target\classes started by SAQERpc in C:\Users\SAQERpc\Desktop\MicroProo\project-step-3-we-need-a-br\configserver)
2024-06-04 00:41:00 INFO  c.c.c.ConfigserverApplication - No active profile set, falling back to 1 default profile: "default"
2024-06-04 00:41:00 INFO  o.s.b.d.e.DevToolsPropertyDefaultsPostProcessor - Devtools property defaults active! Set 'spring.devtools.add-properties' to 'false' to disable
2024-06-04 00:41:00 INFO  o.s.b.d.e.DevToolsPropertyDefaultsPostProcessor - For additional web related logging consider setting the 'logging.level.web' property to 'DEBUG'
2024-06-04 00:41:03 INFO  o.s.cloud.context.scope.GenericScope - BeanFactory id=b698b04d-8ff6-3217-9cbc-677eb0ad43d3
2024-06-04 00:41:05 INFO  o.s.b.w.e.tomcat.TomcatWebServer - Tomcat initialized with port 8888 (http)
2024-06-04 00:41:05 INFO  o.a.coyote.http11.Http11NioProtocol - Initializing ProtocolHandler ["http-nio-8888"]
2024-06-04 00:41:05 INFO  o.a.catalina.core.StandardService - Starting service [Tomcat]
2024-06-04 00:41:05 INFO  o.a.catalina.core.StandardEngine - Starting Servlet engine: [Apache Tomcat/10.1.24]
2024-06-04 00:41:05 INFO  o.a.c.c.C.[Tomcat].[localhost].[/] - Initializing Spring embedded WebApplicationContext
2024-06-04 00:41:05 INFO  o.s.b.w.s.c.ServletWebServerApplicationContext - Root WebApplicationContext: initialization completed in 4647 ms
2024-06-04 00:41:07 INFO  o.s.b.d.a.OptionalLiveReloadServer - LiveReload server is running on port 35729
2024-06-04 00:41:08 INFO  o.s.cloud.commons.util.InetUtils - Cannot determine local hostname
2024-06-04 00:41:10 INFO  o.a.coyote.http11.Http11NioProtocol - Starting ProtocolHandler ["http-nio-8888"]
2024-06-04 00:41:10 INFO  o.s.b.w.e.tomcat.TomcatWebServer - Tomcat started on port 8888 (http) with context path '/'
2024-06-04 00:41:11 INFO  o.s.cloud.commons.util.InetUtils - Cannot determine local hostname
2024-06-04 00:41:11 INFO  c.c.c.ConfigserverApplication - Started ConfigserverApplication in 12.833 seconds (process running for 15.049)
2024-06-04 00:41:13 INFO  o.a.c.c.C.[Tomcat].[localhost].[/] - Initializing Spring DispatcherServlet 'dispatcherServlet'
2024-06-04 00:41:13 INFO  o.s.web.servlet.DispatcherServlet - Initializing Servlet 'dispatcherServlet'
2024-06-04 00:41:13 INFO  o.s.web.servlet.DispatcherServlet - Completed initialization in 1 ms
