2024-06-05 00:02:01 INFO  o.h.validator.internal.util.Version - HV000001: Hibernate Validator 8.0.1.Final
2024-06-05 00:02:01 INFO  c.c.c.ConfigserverApplication - Starting ConfigserverApplication using Java 21.0.2 with PID 13724 (C:\Users\app\Desktop\project-step-3-we-need-a-br\configserver\target\classes started by app in C:\Users\app\Desktop\project-step-3-we-need-a-br\configserver)
2024-06-05 00:02:01 INFO  c.c.c.ConfigserverApplication - No active profile set, falling back to 1 default profile: "default"
2024-06-05 00:02:01 INFO  o.s.b.d.e.DevToolsPropertyDefaultsPostProcessor - Devtools property defaults active! Set 'spring.devtools.add-properties' to 'false' to disable
2024-06-05 00:02:01 INFO  o.s.b.d.e.DevToolsPropertyDefaultsPostProcessor - For additional web related logging consider setting the 'logging.level.web' property to 'DEBUG'
2024-06-05 00:02:04 INFO  o.s.cloud.context.scope.GenericScope - BeanFactory id=b698b04d-8ff6-3217-9cbc-677eb0ad43d3
2024-06-05 00:02:06 INFO  o.s.b.w.e.tomcat.TomcatWebServer - Tomcat initialized with port 8888 (http)
2024-06-05 00:02:06 INFO  o.a.coyote.http11.Http11NioProtocol - Initializing ProtocolHandler ["http-nio-8888"]
2024-06-05 00:02:06 INFO  o.a.catalina.core.StandardService - Starting service [Tomcat]
2024-06-05 00:02:06 INFO  o.a.catalina.core.StandardEngine - Starting Servlet engine: [Apache Tomcat/10.1.24]
2024-06-05 00:02:06 INFO  o.a.c.c.C.[Tomcat].[localhost].[/] - Initializing Spring embedded WebApplicationContext
2024-06-05 00:02:06 INFO  o.s.b.w.s.c.ServletWebServerApplicationContext - Root WebApplicationContext: initialization completed in 4808 ms
2024-06-05 00:02:08 INFO  o.s.b.d.a.OptionalLiveReloadServer - LiveReload server is running on port 35729
2024-06-05 00:02:08 INFO  o.a.coyote.http11.Http11NioProtocol - Starting ProtocolHandler ["http-nio-8888"]
2024-06-05 00:02:09 INFO  o.s.b.w.e.tomcat.TomcatWebServer - Tomcat started on port 8888 (http) with context path '/'
2024-06-05 00:02:09 INFO  c.c.c.ConfigserverApplication - Started ConfigserverApplication in 9.304 seconds (process running for 12.023)
2024-06-05 00:02:23 INFO  o.a.c.c.C.[Tomcat].[localhost].[/] - Initializing Spring DispatcherServlet 'dispatcherServlet'
2024-06-05 00:02:23 INFO  o.s.web.servlet.DispatcherServlet - Initializing Servlet 'dispatcherServlet'
2024-06-05 00:02:23 INFO  o.s.web.servlet.DispatcherServlet - Completed initialization in 1 ms
2024-06-05 00:25:47 WARN  o.s.w.s.m.s.DefaultHandlerExceptionResolver - Resolved [org.springframework.web.context.request.async.AsyncRequestNotUsableException: ServletOutputStream failed to flush: java.io.IOException: Connection reset by peer]
2024-06-05 00:37:21 WARN  o.s.w.s.m.s.DefaultHandlerExceptionResolver - Resolved [org.springframework.web.context.request.async.AsyncRequestNotUsableException: ServletOutputStream failed to flush: java.io.IOException: Connection reset by peer]
2024-06-05 10:08:27 INFO  o.h.validator.internal.util.Version - HV000001: Hibernate Validator 8.0.1.Final
2024-06-05 10:08:27 INFO  c.c.c.ConfigserverApplication - Starting ConfigserverApplication using Java 21.0.2 with PID 32624 (C:\Users\app\Desktop\project-step-3-we-need-a-br\configserver\target\classes started by app in C:\Users\app\Desktop\project-step-3-we-need-a-br\configserver)
2024-06-05 10:08:27 INFO  c.c.c.ConfigserverApplication - No active profile set, falling back to 1 default profile: "default"
2024-06-05 10:08:27 INFO  o.s.b.d.e.DevToolsPropertyDefaultsPostProcessor - Devtools property defaults active! Set 'spring.devtools.add-properties' to 'false' to disable
2024-06-05 10:08:27 INFO  o.s.b.d.e.DevToolsPropertyDefaultsPostProcessor - For additional web related logging consider setting the 'logging.level.web' property to 'DEBUG'
2024-06-05 10:08:30 INFO  o.s.cloud.context.scope.GenericScope - BeanFactory id=b698b04d-8ff6-3217-9cbc-677eb0ad43d3
2024-06-05 10:08:32 INFO  o.s.b.w.e.tomcat.TomcatWebServer - Tomcat initialized with port 8888 (http)
2024-06-05 10:08:32 INFO  o.a.coyote.http11.Http11NioProtocol - Initializing ProtocolHandler ["http-nio-8888"]
2024-06-05 10:08:32 INFO  o.a.catalina.core.StandardService - Starting service [Tomcat]
2024-06-05 10:08:32 INFO  o.a.catalina.core.StandardEngine - Starting Servlet engine: [Apache Tomcat/10.1.24]
2024-06-05 10:08:32 INFO  o.a.c.c.C.[Tomcat].[localhost].[/] - Initializing Spring embedded WebApplicationContext
2024-06-05 10:08:32 INFO  o.s.b.w.s.c.ServletWebServerApplicationContext - Root WebApplicationContext: initialization completed in 4999 ms
2024-06-05 10:08:34 INFO  o.s.b.d.a.OptionalLiveReloadServer - LiveReload server is running on port 35729
2024-06-05 10:08:35 INFO  o.a.coyote.http11.Http11NioProtocol - Starting ProtocolHandler ["http-nio-8888"]
2024-06-05 10:08:35 INFO  o.s.b.w.e.tomcat.TomcatWebServer - Tomcat started on port 8888 (http) with context path '/'
2024-06-05 10:08:35 INFO  c.c.c.ConfigserverApplication - Started ConfigserverApplication in 10.546 seconds (process running for 12.987)
2024-06-05 10:09:29 INFO  o.a.c.c.C.[Tomcat].[localhost].[/] - Initializing Spring DispatcherServlet 'dispatcherServlet'
2024-06-05 10:09:29 INFO  o.s.web.servlet.DispatcherServlet - Initializing Servlet 'dispatcherServlet'
2024-06-05 10:09:29 INFO  o.s.web.servlet.DispatcherServlet - Completed initialization in 2 ms
2024-06-05 10:32:08 INFO  o.h.validator.internal.util.Version - HV000001: Hibernate Validator 8.0.1.Final
2024-06-05 10:32:08 INFO  c.c.c.ConfigserverApplication - Starting ConfigserverApplication using Java 21.0.2 with PID 30532 (C:\Users\app\Desktop\project-step-3-we-need-a-br\configserver\target\classes started by app in C:\Users\app\Desktop\project-step-3-we-need-a-br\configserver)
2024-06-05 10:32:08 INFO  c.c.c.ConfigserverApplication - No active profile set, falling back to 1 default profile: "default"
2024-06-05 10:32:08 INFO  o.s.b.d.e.DevToolsPropertyDefaultsPostProcessor - Devtools property defaults active! Set 'spring.devtools.add-properties' to 'false' to disable
2024-06-05 10:32:08 INFO  o.s.b.d.e.DevToolsPropertyDefaultsPostProcessor - For additional web related logging consider setting the 'logging.level.web' property to 'DEBUG'
2024-06-05 10:32:12 INFO  o.s.cloud.context.scope.GenericScope - BeanFactory id=b698b04d-8ff6-3217-9cbc-677eb0ad43d3
2024-06-05 10:32:13 INFO  o.s.b.w.e.tomcat.TomcatWebServer - Tomcat initialized with port 8888 (http)
2024-06-05 10:32:13 INFO  o.a.coyote.http11.Http11NioProtocol - Initializing ProtocolHandler ["http-nio-8888"]
2024-06-05 10:32:13 INFO  o.a.catalina.core.StandardService - Starting service [Tomcat]
2024-06-05 10:32:13 INFO  o.a.catalina.core.StandardEngine - Starting Servlet engine: [Apache Tomcat/10.1.24]
2024-06-05 10:32:14 INFO  o.a.c.c.C.[Tomcat].[localhost].[/] - Initializing Spring embedded WebApplicationContext
2024-06-05 10:32:14 INFO  o.s.b.w.s.c.ServletWebServerApplicationContext - Root WebApplicationContext: initialization completed in 5126 ms
2024-06-05 10:32:16 INFO  o.s.b.d.a.OptionalLiveReloadServer - LiveReload server is running on port 35729
2024-06-05 10:32:17 INFO  o.a.coyote.http11.Http11NioProtocol - Starting ProtocolHandler ["http-nio-8888"]
2024-06-05 10:32:17 INFO  o.s.b.w.e.tomcat.TomcatWebServer - Tomcat started on port 8888 (http) with context path '/'
2024-06-05 10:32:18 INFO  c.c.c.ConfigserverApplication - Started ConfigserverApplication in 11.674 seconds (process running for 14.376)
2024-06-05 10:32:19 INFO  o.a.c.c.C.[Tomcat].[localhost].[/] - Initializing Spring DispatcherServlet 'dispatcherServlet'
2024-06-05 10:32:19 INFO  o.s.web.servlet.DispatcherServlet - Initializing Servlet 'dispatcherServlet'
2024-06-05 10:32:19 INFO  o.s.web.servlet.DispatcherServlet - Completed initialization in 2 ms
2024-06-05 10:41:40 INFO  o.s.b.d.a.LocalDevToolsAutoConfiguration$RestartingClassPathChangeChangedEventListener - Restarting due to 4 class path changes (0 additions, 4 deletions, 0 modifications)
2024-06-05 10:41:40 INFO  o.a.coyote.http11.Http11NioProtocol - Stopping ProtocolHandler ["http-nio-8888"]
2024-06-05 10:42:02 INFO  c.c.c.ConfigserverApplication - Starting ConfigserverApplication using Java 21.0.2 with PID 30532 (C:\Users\app\Desktop\project-step-3-we-need-a-br\configserver\target\classes started by app in C:\Users\app\Desktop\project-step-3-we-need-a-br\configserver)
2024-06-05 10:42:02 INFO  c.c.c.ConfigserverApplication - No active profile set, falling back to 1 default profile: "default"
2024-06-05 10:42:04 INFO  o.s.cloud.context.scope.GenericScope - BeanFactory id=b698b04d-8ff6-3217-9cbc-677eb0ad43d3
2024-06-05 10:42:04 INFO  o.s.b.w.e.tomcat.TomcatWebServer - Tomcat initialized with port 8888 (http)
2024-06-05 10:42:04 INFO  o.a.catalina.core.StandardService - Starting service [Tomcat]
2024-06-05 10:42:04 INFO  o.a.catalina.core.StandardEngine - Starting Servlet engine: [Apache Tomcat/10.1.24]
2024-06-05 10:42:04 INFO  o.a.c.c.C.[Tomcat-1].[localhost].[/] - Initializing Spring embedded WebApplicationContext
2024-06-05 10:42:04 INFO  o.s.b.w.s.c.ServletWebServerApplicationContext - Root WebApplicationContext: initialization completed in 2375 ms
2024-06-05 10:42:06 INFO  o.s.b.d.a.OptionalLiveReloadServer - LiveReload server is running on port 35729
2024-06-05 10:42:06 INFO  o.s.b.w.e.tomcat.TomcatWebServer - Tomcat started on port 8888 (http) with context path '/'
2024-06-05 10:42:06 INFO  c.c.c.ConfigserverApplication - Started ConfigserverApplication in 5.108 seconds (process running for 602.934)
2024-06-05 10:42:06 INFO  o.s.b.d.a.ConditionEvaluationDeltaLoggingListener - Condition evaluation unchanged
2024-06-05 10:42:09 INFO  o.a.c.c.C.[Tomcat-1].[localhost].[/] - Initializing Spring DispatcherServlet 'dispatcherServlet'
2024-06-05 10:42:09 INFO  o.s.web.servlet.DispatcherServlet - Initializing Servlet 'dispatcherServlet'
2024-06-05 10:42:09 INFO  o.s.web.servlet.DispatcherServlet - Completed initialization in 6 ms
2024-06-05 10:42:57 INFO  o.s.b.d.a.LocalDevToolsAutoConfiguration$RestartingClassPathChangeChangedEventListener - Restarting due to 4 class path changes (0 additions, 4 deletions, 0 modifications)
2024-06-05 10:48:16 INFO  o.h.validator.internal.util.Version - HV000001: Hibernate Validator 8.0.1.Final
2024-06-05 10:48:16 INFO  c.c.c.ConfigserverApplication - Starting ConfigserverApplication using Java 21.0.2 with PID 5876 (C:\Users\app\Desktop\project-step-3-we-need-a-br\configserver\target\classes started by app in C:\Users\app\Desktop\project-step-3-we-need-a-br\configserver)
2024-06-05 10:48:16 INFO  c.c.c.ConfigserverApplication - No active profile set, falling back to 1 default profile: "default"
2024-06-05 10:48:16 INFO  o.s.b.d.e.DevToolsPropertyDefaultsPostProcessor - Devtools property defaults active! Set 'spring.devtools.add-properties' to 'false' to disable
2024-06-05 10:48:16 INFO  o.s.b.d.e.DevToolsPropertyDefaultsPostProcessor - For additional web related logging consider setting the 'logging.level.web' property to 'DEBUG'
2024-06-05 10:48:20 INFO  o.s.cloud.context.scope.GenericScope - BeanFactory id=b698b04d-8ff6-3217-9cbc-677eb0ad43d3
2024-06-05 10:48:21 INFO  o.s.b.w.e.tomcat.TomcatWebServer - Tomcat initialized with port 8888 (http)
2024-06-05 10:48:21 INFO  o.a.coyote.http11.Http11NioProtocol - Initializing ProtocolHandler ["http-nio-8888"]
2024-06-05 10:48:21 INFO  o.a.catalina.core.StandardService - Starting service [Tomcat]
2024-06-05 10:48:21 INFO  o.a.catalina.core.StandardEngine - Starting Servlet engine: [Apache Tomcat/10.1.24]
2024-06-05 10:48:22 INFO  o.a.c.c.C.[Tomcat].[localhost].[/] - Initializing Spring embedded WebApplicationContext
2024-06-05 10:48:22 INFO  o.s.b.w.s.c.ServletWebServerApplicationContext - Root WebApplicationContext: initialization completed in 5663 ms
2024-06-05 10:48:24 INFO  o.s.b.d.a.OptionalLiveReloadServer - LiveReload server is running on port 35729
2024-06-05 10:48:26 INFO  o.a.coyote.http11.Http11NioProtocol - Starting ProtocolHandler ["http-nio-8888"]
2024-06-05 10:48:26 INFO  o.s.b.w.e.tomcat.TomcatWebServer - Tomcat started on port 8888 (http) with context path '/'
2024-06-05 10:48:26 INFO  c.c.c.ConfigserverApplication - Started ConfigserverApplication in 12.291 seconds (process running for 16.661)
2024-06-05 10:48:26 INFO  o.a.c.c.C.[Tomcat].[localhost].[/] - Initializing Spring DispatcherServlet 'dispatcherServlet'
2024-06-05 10:48:26 INFO  o.s.web.servlet.DispatcherServlet - Initializing Servlet 'dispatcherServlet'
2024-06-05 10:48:26 INFO  o.s.web.servlet.DispatcherServlet - Completed initialization in 3 ms
2024-06-05 12:30:07 INFO  o.h.validator.internal.util.Version - HV000001: Hibernate Validator 8.0.1.Final
2024-06-05 12:30:07 INFO  c.c.c.ConfigserverApplication - Starting ConfigserverApplication using Java 21.0.2 with PID 12808 (C:\Users\app\Desktop\project-step-3-we-need-a-br\configserver\target\classes started by app in C:\Users\app\Desktop\project-step-3-we-need-a-br\configserver)
2024-06-05 12:30:07 INFO  c.c.c.ConfigserverApplication - No active profile set, falling back to 1 default profile: "default"
2024-06-05 12:30:07 INFO  o.s.b.d.e.DevToolsPropertyDefaultsPostProcessor - Devtools property defaults active! Set 'spring.devtools.add-properties' to 'false' to disable
2024-06-05 12:30:07 INFO  o.s.b.d.e.DevToolsPropertyDefaultsPostProcessor - For additional web related logging consider setting the 'logging.level.web' property to 'DEBUG'
2024-06-05 12:30:09 INFO  o.s.cloud.context.scope.GenericScope - BeanFactory id=b698b04d-8ff6-3217-9cbc-677eb0ad43d3
2024-06-05 12:30:10 INFO  o.s.b.w.e.tomcat.TomcatWebServer - Tomcat initialized with port 8888 (http)
2024-06-05 12:30:10 INFO  o.a.coyote.http11.Http11NioProtocol - Initializing ProtocolHandler ["http-nio-8888"]
2024-06-05 12:30:10 INFO  o.a.catalina.core.StandardService - Starting service [Tomcat]
2024-06-05 12:30:10 INFO  o.a.catalina.core.StandardEngine - Starting Servlet engine: [Apache Tomcat/10.1.24]
2024-06-05 12:30:10 INFO  o.a.c.c.C.[Tomcat].[localhost].[/] - Initializing Spring embedded WebApplicationContext
2024-06-05 12:30:10 INFO  o.s.b.w.s.c.ServletWebServerApplicationContext - Root WebApplicationContext: initialization completed in 2701 ms
2024-06-05 12:30:11 INFO  o.s.b.d.a.OptionalLiveReloadServer - LiveReload server is running on port 35729
2024-06-05 12:30:11 INFO  o.a.coyote.http11.Http11NioProtocol - Starting ProtocolHandler ["http-nio-8888"]
2024-06-05 12:30:11 INFO  o.s.b.w.e.tomcat.TomcatWebServer - Tomcat started on port 8888 (http) with context path '/'
2024-06-05 12:30:11 INFO  c.c.c.ConfigserverApplication - Started ConfigserverApplication in 5.74 seconds (process running for 7.105)
2024-06-05 12:30:52 INFO  o.a.c.c.C.[Tomcat].[localhost].[/] - Initializing Spring DispatcherServlet 'dispatcherServlet'
2024-06-05 12:30:52 INFO  o.s.web.servlet.DispatcherServlet - Initializing Servlet 'dispatcherServlet'
2024-06-05 12:30:52 INFO  o.s.web.servlet.DispatcherServlet - Completed initialization in 2 ms
