2024-06-05T10:12:54.253+03:00  INFO 4872 --- [searchservice] [restartedMain] c.s.s.SearchserviceApplication           : Starting SearchserviceApplication using Java 21.0.2 with PID 4872 (C:\Users\app\Desktop\project-step-3-we-need-a-br\searchservice\target\classes started by app in C:\Users\app\Desktop\project-step-3-we-need-a-br\searchservice)
2024-06-05T10:12:54.286+03:00  INFO 4872 --- [searchservice] [restartedMain] c.s.s.SearchserviceApplication           : No active profile set, falling back to 1 default profile: "default"
2024-06-05T10:12:54.514+03:00  INFO 4872 --- [searchservice] [restartedMain] o.s.c.c.c.ConfigServerConfigDataLoader   : Fetching config from server at : http://localhost:8888
2024-06-05T10:12:54.515+03:00  INFO 4872 --- [searchservice] [restartedMain] o.s.c.c.c.ConfigServerConfigDataLoader   : Located environment: name=searchservice, profiles=[default], label=null, version=bcd18e64aa4eac567a2c635445e22a6473482e4d, state=null
2024-06-05T10:12:54.524+03:00  INFO 4872 --- [searchservice] [restartedMain] .e.DevToolsPropertyDefaultsPostProcessor : Devtools property defaults active! Set 'spring.devtools.add-properties' to 'false' to disable
2024-06-05T10:12:54.527+03:00  INFO 4872 --- [searchservice] [restartedMain] .e.DevToolsPropertyDefaultsPostProcessor : For additional web related logging consider setting the 'logging.level.web' property to 'DEBUG'
2024-06-05T10:12:58.896+03:00  INFO 4872 --- [searchservice] [restartedMain] .s.d.r.c.RepositoryConfigurationDelegate : Bootstrapping Spring Data JPA repositories in DEFAULT mode.
2024-06-05T10:12:58.947+03:00  INFO 4872 --- [searchservice] [restartedMain] .s.d.r.c.RepositoryConfigurationDelegate : Finished Spring Data repository scanning in 35 ms. Found 0 JPA repository interfaces.
2024-06-05T10:13:00.148+03:00  INFO 4872 --- [searchservice] [restartedMain] o.s.cloud.context.scope.GenericScope     : BeanFactory id=aa4ce97f-c3fc-3d43-ace6-9b96e19b8276
2024-06-05T10:13:01.351+03:00  WARN 4872 --- [searchservice] [restartedMain] trationDelegate$BeanPostProcessorChecker : Bean 'org.springframework.cloud.client.loadbalancer.LoadBalancerAutoConfiguration$DeferringLoadBalancerInterceptorConfig' of type [org.springframework.cloud.client.loadbalancer.LoadBalancerAutoConfiguration$DeferringLoadBalancerInterceptorConfig] is not eligible for getting processed by all BeanPostProcessors (for example: not eligible for auto-proxying). The currently created BeanPostProcessor [lbRestClientPostProcessor] is declared through a non-static factory method on that class; consider declaring it as static instead.
2024-06-05T10:13:01.368+03:00  WARN 4872 --- [searchservice] [restartedMain] trationDelegate$BeanPostProcessorChecker : Bean 'deferringLoadBalancerInterceptor' of type [org.springframework.cloud.client.loadbalancer.DeferringLoadBalancerInterceptor] is not eligible for getting processed by all BeanPostProcessors (for example: not eligible for auto-proxying). Is this bean getting eagerly injected into a currently created BeanPostProcessor [lbRestClientPostProcessor]? Check the corresponding BeanPostProcessor declaration and its dependencies.
2024-06-05T10:13:03.287+03:00  INFO 4872 --- [searchservice] [restartedMain] o.s.b.w.embedded.tomcat.TomcatWebServer  : Tomcat initialized with port 8400 (http)
2024-06-05T10:13:03.336+03:00  INFO 4872 --- [searchservice] [restartedMain] o.apache.catalina.core.StandardService   : Starting service [Tomcat]
2024-06-05T10:13:03.340+03:00  INFO 4872 --- [searchservice] [restartedMain] o.apache.catalina.core.StandardEngine    : Starting Servlet engine: [Apache Tomcat/10.1.24]
2024-06-05T10:13:03.551+03:00  INFO 4872 --- [searchservice] [restartedMain] o.a.c.c.C.[Tomcat].[localhost].[/]       : Initializing Spring embedded WebApplicationContext
2024-06-05T10:13:03.554+03:00  INFO 4872 --- [searchservice] [restartedMain] w.s.c.ServletWebServerApplicationContext : Root WebApplicationContext: initialization completed in 9022 ms
2024-06-05T10:13:04.911+03:00  INFO 4872 --- [searchservice] [restartedMain] o.hibernate.jpa.internal.util.LogHelper  : HHH000204: Processing PersistenceUnitInfo [name: default]
2024-06-05T10:13:05.150+03:00  INFO 4872 --- [searchservice] [restartedMain] org.hibernate.Version                    : HHH000412: Hibernate ORM core version 6.5.2.Final
2024-06-05T10:13:05.280+03:00  INFO 4872 --- [searchservice] [restartedMain] o.h.c.internal.RegionFactoryInitiator    : HHH000026: Second-level cache disabled
2024-06-05T10:13:06.684+03:00  INFO 4872 --- [searchservice] [restartedMain] o.s.o.j.p.SpringPersistenceUnitInfo      : No LoadTimeWeaver setup: ignoring JPA class transformer
2024-06-05T10:13:06.791+03:00  INFO 4872 --- [searchservice] [restartedMain] com.zaxxer.hikari.HikariDataSource       : HikariPool-1 - Starting...
2024-06-05T10:13:07.215+03:00  INFO 4872 --- [searchservice] [restartedMain] com.zaxxer.hikari.pool.HikariPool        : HikariPool-1 - Added connection com.mysql.cj.jdbc.ConnectionImpl@5fdfe840
2024-06-05T10:13:07.223+03:00  INFO 4872 --- [searchservice] [restartedMain] com.zaxxer.hikari.HikariDataSource       : HikariPool-1 - Start completed.
2024-06-05T10:13:07.351+03:00  WARN 4872 --- [searchservice] [restartedMain] org.hibernate.dialect.Dialect            : HHH000511: The 5.5.5 version for [org.hibernate.dialect.MySQLDialect] is no longer supported, hence certain features may not work properly. The minimum supported version is 8.0.0. Check the community dialects project for available legacy versions.
2024-06-05T10:13:07.361+03:00  WARN 4872 --- [searchservice] [restartedMain] org.hibernate.orm.deprecation            : HHH90000025: MySQLDialect does not need to be specified explicitly using 'hibernate.dialect' (remove the property setting and it will be selected by default)
2024-06-05T10:13:08.654+03:00  INFO 4872 --- [searchservice] [restartedMain] o.h.e.t.j.p.i.JtaPlatformInitiator       : HHH000489: No JTA platform available (set 'hibernate.transaction.jta.platform' to enable JTA platform integration)
2024-06-05T10:13:08.667+03:00  INFO 4872 --- [searchservice] [restartedMain] j.LocalContainerEntityManagerFactoryBean : Initialized JPA EntityManagerFactory for persistence unit 'default'
2024-06-05T10:13:09.103+03:00  WARN 4872 --- [searchservice] [restartedMain] JpaBaseConfiguration$JpaWebConfiguration : spring.jpa.open-in-view is enabled by default. Therefore, database queries may be performed during view rendering. Explicitly configure spring.jpa.open-in-view to disable this warning
2024-06-05T10:13:10.113+03:00  WARN 4872 --- [searchservice] [restartedMain] o.s.b.d.a.OptionalLiveReloadServer       : Unable to start LiveReload server
2024-06-05T10:13:10.932+03:00  INFO 4872 --- [searchservice] [restartedMain] eAuthenticationProviderManagerConfigurer : Global AuthenticationManager configured with AuthenticationProvider bean with name authenticationProvider
2024-06-05T10:13:10.936+03:00  WARN 4872 --- [searchservice] [restartedMain] r$InitializeUserDetailsManagerConfigurer : Global AuthenticationManager configured with an AuthenticationProvider bean. UserDetailsService beans will not be used for username/password login. Consider removing the AuthenticationProvider bean. Alternatively, consider using the UserDetailsService in a manually instantiated DaoAuthenticationProvider.
2024-06-05T10:13:12.793+03:00  INFO 4872 --- [searchservice] [restartedMain] o.s.b.a.e.web.EndpointLinksResolver      : Exposing 1 endpoint beneath base path '/actuator'
2024-06-05T10:13:13.061+03:00  INFO 4872 --- [searchservice] [restartedMain] o.s.s.web.DefaultSecurityFilterChain     : Will secure any request with [org.springframework.security.web.session.DisableEncodeUrlFilter@1d35ca14, org.springframework.security.web.context.request.async.WebAsyncManagerIntegrationFilter@59591c30, org.springframework.security.web.context.SecurityContextHolderFilter@f161f22, org.springframework.security.web.header.HeaderWriterFilter@173871b5, org.springframework.web.filter.CorsFilter@a0ee1ff, org.springframework.security.web.authentication.logout.LogoutFilter@19fceff8, com.search.searchservice.AuthTokenFilter@5beedb4d, org.springframework.security.web.savedrequest.RequestCacheAwareFilter@64a429f9, org.springframework.security.web.servletapi.SecurityContextHolderAwareRequestFilter@63ff5334, org.springframework.security.web.authentication.AnonymousAuthenticationFilter@309b0954, org.springframework.security.web.session.SessionManagementFilter@618f113d, org.springframework.security.web.access.ExceptionTranslationFilter@2342f068, org.springframework.security.web.access.intercept.AuthorizationFilter@efb10d3]
2024-06-05T10:13:14.380+03:00  INFO 4872 --- [searchservice] [RMI TCP Connection(2)-127.0.0.1] o.a.c.c.C.[Tomcat].[localhost].[/]       : Initializing Spring DispatcherServlet 'dispatcherServlet'
2024-06-05T10:13:14.385+03:00  INFO 4872 --- [searchservice] [RMI TCP Connection(2)-127.0.0.1] o.s.web.servlet.DispatcherServlet        : Initializing Servlet 'dispatcherServlet'
2024-06-05T10:13:14.406+03:00  INFO 4872 --- [searchservice] [RMI TCP Connection(2)-127.0.0.1] o.s.web.servlet.DispatcherServlet        : Completed initialization in 20 ms
2024-06-05T10:13:15.190+03:00  INFO 4872 --- [searchservice] [restartedMain] DiscoveryClientOptionalArgsConfiguration : Eureka HTTP Client uses RestTemplate.
2024-06-05T10:13:15.296+03:00  WARN 4872 --- [searchservice] [restartedMain] iguration$LoadBalancerCaffeineWarnLogger : Spring Cloud LoadBalancer is currently working with the default cache. While this cache implementation is useful for development and tests, it's recommended to use Caffeine cache in production.You can switch to using Caffeine cache, by adding it and org.springframework.cache.caffeine.CaffeineCacheManager to the classpath.
2024-06-05T10:13:15.532+03:00  INFO 4872 --- [searchservice] [restartedMain] o.s.c.n.eureka.InstanceInfoFactory       : Setting initial instance status as: STARTING
2024-06-05T10:13:15.756+03:00  INFO 4872 --- [searchservice] [restartedMain] com.netflix.discovery.DiscoveryClient    : Initializing Eureka in region us-east-1
2024-06-05T10:13:15.791+03:00  INFO 4872 --- [searchservice] [restartedMain] c.n.d.s.r.aws.ConfigClusterResolver      : Resolving eureka endpoints via configuration
2024-06-05T10:13:16.015+03:00  INFO 4872 --- [searchservice] [restartedMain] com.netflix.discovery.DiscoveryClient    : Disable delta property : false
2024-06-05T10:13:16.018+03:00  INFO 4872 --- [searchservice] [restartedMain] com.netflix.discovery.DiscoveryClient    : Single vip registry refresh property : null
2024-06-05T10:13:16.022+03:00  INFO 4872 --- [searchservice] [restartedMain] com.netflix.discovery.DiscoveryClient    : Force full registry fetch : false
2024-06-05T10:13:16.025+03:00  INFO 4872 --- [searchservice] [restartedMain] com.netflix.discovery.DiscoveryClient    : Application is null : false
2024-06-05T10:13:16.027+03:00  INFO 4872 --- [searchservice] [restartedMain] com.netflix.discovery.DiscoveryClient    : Registered Applications size is zero : true
2024-06-05T10:13:16.031+03:00  INFO 4872 --- [searchservice] [restartedMain] com.netflix.discovery.DiscoveryClient    : Application version is -1: true
2024-06-05T10:13:16.040+03:00  INFO 4872 --- [searchservice] [restartedMain] com.netflix.discovery.DiscoveryClient    : Getting all instance registry info from the eureka server
2024-06-05T10:13:16.829+03:00  INFO 4872 --- [searchservice] [restartedMain] com.netflix.discovery.DiscoveryClient    : The response status is 200
2024-06-05T10:13:16.836+03:00  INFO 4872 --- [searchservice] [restartedMain] com.netflix.discovery.DiscoveryClient    : Starting heartbeat executor: renew interval is: 30
2024-06-05T10:13:16.842+03:00  INFO 4872 --- [searchservice] [restartedMain] c.n.discovery.InstanceInfoReplicator     : InstanceInfoReplicator onDemand update allowed rate per min is 4
2024-06-05T10:13:16.850+03:00  INFO 4872 --- [searchservice] [restartedMain] com.netflix.discovery.DiscoveryClient    : Discovery Client initialized at timestamp 1717571596850 with initial instances count: 1
2024-06-05T10:13:16.867+03:00  INFO 4872 --- [searchservice] [restartedMain] o.s.c.n.e.s.EurekaServiceRegistry        : Registering application SEARCHSERVICE with eureka with status UP
2024-06-05T10:13:16.870+03:00  INFO 4872 --- [searchservice] [restartedMain] com.netflix.discovery.DiscoveryClient    : Saw local status change event StatusChangeEvent [timestamp=1717571596870, current=UP, previous=STARTING]
2024-06-05T10:13:16.875+03:00  INFO 4872 --- [searchservice] [DiscoveryClient-InstanceInfoReplicator-0] com.netflix.discovery.DiscoveryClient    : DiscoveryClient_SEARCHSERVICE/192.168.101.100:searchservice:8400: registering service...
2024-06-05T10:13:16.924+03:00  INFO 4872 --- [searchservice] [restartedMain] o.s.b.w.embedded.tomcat.TomcatWebServer  : Tomcat started on port 8400 (http) with context path '/'
2024-06-05T10:13:16.928+03:00  INFO 4872 --- [searchservice] [restartedMain] .s.c.n.e.s.EurekaAutoServiceRegistration : Updating port to 8400
2024-06-05T10:13:16.956+03:00  INFO 4872 --- [searchservice] [DiscoveryClient-InstanceInfoReplicator-0] com.netflix.discovery.DiscoveryClient    : DiscoveryClient_SEARCHSERVICE/192.168.101.100:searchservice:8400 - registration status: 204
2024-06-05T10:13:16.976+03:00  INFO 4872 --- [searchservice] [restartedMain] c.s.s.SearchserviceApplication           : Started SearchserviceApplication in 28.378 seconds (process running for 31.463)
2024-06-05T10:15:21.944+03:00 ERROR 4872 --- [searchservice] [http-nio-8400-exec-2] com.search.searchservice.JwtUtils        : JWT signature does not match locally computed signature: JWT signature does not match locally computed signature. JWT validity cannot be asserted and should not be trusted.
2024-06-05T10:15:21.976+03:00 ERROR 4872 --- [searchservice] [http-nio-8400-exec-2] c.s.searchservice.AuthEntryPointJwt      : Unauthorized error: Full authentication is required to access this resource
2024-06-05T10:15:40.155+03:00 ERROR 4872 --- [searchservice] [http-nio-8400-exec-3] com.search.searchservice.JwtUtils        : JWT signature does not match locally computed signature: JWT signature does not match locally computed signature. JWT validity cannot be asserted and should not be trusted.
2024-06-05T10:15:40.155+03:00 ERROR 4872 --- [searchservice] [http-nio-8400-exec-3] c.s.searchservice.AuthEntryPointJwt      : Unauthorized error: Full authentication is required to access this resource
2024-06-05T10:18:16.054+03:00  INFO 4872 --- [searchservice] [AsyncResolver-bootstrap-executor-0] c.n.d.s.r.aws.ConfigClusterResolver      : Resolving eureka endpoints via configuration
2024-06-05T10:23:16.067+03:00  INFO 4872 --- [searchservice] [AsyncResolver-bootstrap-executor-0] c.n.d.s.r.aws.ConfigClusterResolver      : Resolving eureka endpoints via configuration
2024-06-05T10:28:16.080+03:00  INFO 4872 --- [searchservice] [AsyncResolver-bootstrap-executor-0] c.n.d.s.r.aws.ConfigClusterResolver      : Resolving eureka endpoints via configuration
2024-06-05T10:30:50.513+03:00  INFO 4872 --- [searchservice] [File Watcher] rtingClassPathChangeChangedEventListener : Restarting due to 1 class path change (0 additions, 0 deletions, 1 modification)
2024-06-05T10:30:50.789+03:00  INFO 4872 --- [searchservice] [Thread-1] o.s.c.n.e.s.EurekaServiceRegistry        : Unregistering application SEARCHSERVICE with eureka with status DOWN
2024-06-05T10:30:50.807+03:00  INFO 4872 --- [searchservice] [Thread-1] com.netflix.discovery.DiscoveryClient    : Saw local status change event StatusChangeEvent [timestamp=1717572650807, current=DOWN, previous=UP]
2024-06-05T10:30:50.814+03:00  INFO 4872 --- [searchservice] [DiscoveryClient-InstanceInfoReplicator-0] com.netflix.discovery.DiscoveryClient    : DiscoveryClient_SEARCHSERVICE/192.168.101.100:searchservice:8400: registering service...
2024-06-05T10:30:50.900+03:00  INFO 4872 --- [searchservice] [DiscoveryClient-InstanceInfoReplicator-0] com.netflix.discovery.DiscoveryClient    : DiscoveryClient_SEARCHSERVICE/192.168.101.100:searchservice:8400 - registration status: 204
2024-06-05T10:30:51.489+03:00  INFO 4872 --- [searchservice] [Thread-1] j.LocalContainerEntityManagerFactoryBean : Closing JPA EntityManagerFactory for persistence unit 'default'
2024-06-05T10:30:51.591+03:00  INFO 4872 --- [searchservice] [Thread-1] com.zaxxer.hikari.HikariDataSource       : HikariPool-1 - Shutdown initiated...
2024-06-05T10:30:51.777+03:00  INFO 4872 --- [searchservice] [Thread-1] com.zaxxer.hikari.HikariDataSource       : HikariPool-1 - Shutdown completed.
2024-06-05T10:30:51.839+03:00  INFO 4872 --- [searchservice] [Thread-1] com.netflix.discovery.DiscoveryClient    : Shutting down DiscoveryClient ...
2024-06-05T10:30:54.871+03:00  INFO 4872 --- [searchservice] [Thread-1] com.netflix.discovery.DiscoveryClient    : Unregistering ...
2024-06-05T10:30:55.066+03:00  INFO 4872 --- [searchservice] [Thread-1] com.netflix.discovery.DiscoveryClient    : DiscoveryClient_SEARCHSERVICE/192.168.101.100:searchservice:8400 - deregister  status: 200
2024-06-05T10:30:55.109+03:00  INFO 4872 --- [searchservice] [Thread-1] com.netflix.discovery.DiscoveryClient    : Completed shut down of DiscoveryClient
2024-06-05T10:30:58.933+03:00  INFO 4872 --- [searchservice] [restartedMain] c.s.s.SearchserviceApplication           : Starting SearchserviceApplication using Java 21.0.2 with PID 4872 (C:\Users\app\Desktop\project-step-3-we-need-a-br\searchservice\target\classes started by app in C:\Users\app\Desktop\project-step-3-we-need-a-br\searchservice)
2024-06-05T10:30:58.939+03:00  INFO 4872 --- [searchservice] [restartedMain] c.s.s.SearchserviceApplication           : No active profile set, falling back to 1 default profile: "default"
2024-06-05T10:30:58.948+03:00  INFO 4872 --- [searchservice] [restartedMain] o.s.c.c.c.ConfigServerConfigDataLoader   : Fetching config from server at : http://localhost:8888
2024-06-05T10:30:58.951+03:00  INFO 4872 --- [searchservice] [restartedMain] o.s.c.c.c.ConfigServerConfigDataLoader   : Located environment: name=searchservice, profiles=[default], label=null, version=bcd18e64aa4eac567a2c635445e22a6473482e4d, state=null
2024-06-05T10:31:01.644+03:00  INFO 4872 --- [searchservice] [restartedMain] .s.d.r.c.RepositoryConfigurationDelegate : Bootstrapping Spring Data JPA repositories in DEFAULT mode.
2024-06-05T10:31:01.669+03:00  INFO 4872 --- [searchservice] [restartedMain] .s.d.r.c.RepositoryConfigurationDelegate : Finished Spring Data repository scanning in 19 ms. Found 0 JPA repository interfaces.
2024-06-05T10:31:02.221+03:00  INFO 4872 --- [searchservice] [restartedMain] o.s.cloud.context.scope.GenericScope     : BeanFactory id=aa4ce97f-c3fc-3d43-ace6-9b96e19b8276
2024-06-05T10:31:02.466+03:00  WARN 4872 --- [searchservice] [restartedMain] trationDelegate$BeanPostProcessorChecker : Bean 'org.springframework.cloud.client.loadbalancer.LoadBalancerAutoConfiguration$DeferringLoadBalancerInterceptorConfig' of type [org.springframework.cloud.client.loadbalancer.LoadBalancerAutoConfiguration$DeferringLoadBalancerInterceptorConfig] is not eligible for getting processed by all BeanPostProcessors (for example: not eligible for auto-proxying). The currently created BeanPostProcessor [lbRestClientPostProcessor] is declared through a non-static factory method on that class; consider declaring it as static instead.
2024-06-05T10:31:02.484+03:00  WARN 4872 --- [searchservice] [restartedMain] trationDelegate$BeanPostProcessorChecker : Bean 'deferringLoadBalancerInterceptor' of type [org.springframework.cloud.client.loadbalancer.DeferringLoadBalancerInterceptor] is not eligible for getting processed by all BeanPostProcessors (for example: not eligible for auto-proxying). Is this bean getting eagerly injected into a currently created BeanPostProcessor [lbRestClientPostProcessor]? Check the corresponding BeanPostProcessor declaration and its dependencies.
2024-06-05T10:31:03.027+03:00  INFO 4872 --- [searchservice] [restartedMain] o.s.b.w.embedded.tomcat.TomcatWebServer  : Tomcat initialized with port 8400 (http)
2024-06-05T10:31:03.033+03:00  INFO 4872 --- [searchservice] [restartedMain] o.apache.catalina.core.StandardService   : Starting service [Tomcat]
2024-06-05T10:31:03.035+03:00  INFO 4872 --- [searchservice] [restartedMain] o.apache.catalina.core.StandardEngine    : Starting Servlet engine: [Apache Tomcat/10.1.24]
2024-06-05T10:31:03.180+03:00  INFO 4872 --- [searchservice] [restartedMain] o.a.c.c.C.[Tomcat].[localhost].[/]       : Initializing Spring embedded WebApplicationContext
2024-06-05T10:31:03.181+03:00  INFO 4872 --- [searchservice] [restartedMain] w.s.c.ServletWebServerApplicationContext : Root WebApplicationContext: initialization completed in 4227 ms
2024-06-05T10:31:04.124+03:00  INFO 4872 --- [searchservice] [restartedMain] o.hibernate.jpa.internal.util.LogHelper  : HHH000204: Processing PersistenceUnitInfo [name: default]
2024-06-05T10:31:04.180+03:00  INFO 4872 --- [searchservice] [restartedMain] o.h.c.internal.RegionFactoryInitiator    : HHH000026: Second-level cache disabled
2024-06-05T10:31:04.249+03:00  INFO 4872 --- [searchservice] [restartedMain] o.s.o.j.p.SpringPersistenceUnitInfo      : No LoadTimeWeaver setup: ignoring JPA class transformer
2024-06-05T10:31:04.273+03:00  INFO 4872 --- [searchservice] [restartedMain] com.zaxxer.hikari.HikariDataSource       : HikariPool-2 - Starting...
2024-06-05T10:31:04.375+03:00  INFO 4872 --- [searchservice] [restartedMain] com.zaxxer.hikari.pool.HikariPool        : HikariPool-2 - Added connection com.mysql.cj.jdbc.ConnectionImpl@3571d11f
2024-06-05T10:31:04.377+03:00  INFO 4872 --- [searchservice] [restartedMain] com.zaxxer.hikari.HikariDataSource       : HikariPool-2 - Start completed.
2024-06-05T10:31:04.386+03:00  WARN 4872 --- [searchservice] [restartedMain] org.hibernate.dialect.Dialect            : HHH000511: The 5.5.5 version for [org.hibernate.dialect.MySQLDialect] is no longer supported, hence certain features may not work properly. The minimum supported version is 8.0.0. Check the community dialects project for available legacy versions.
2024-06-05T10:31:04.393+03:00  WARN 4872 --- [searchservice] [restartedMain] org.hibernate.orm.deprecation            : HHH90000025: MySQLDialect does not need to be specified explicitly using 'hibernate.dialect' (remove the property setting and it will be selected by default)
2024-06-05T10:31:04.480+03:00  INFO 4872 --- [searchservice] [restartedMain] o.h.e.t.j.p.i.JtaPlatformInitiator       : HHH000489: No JTA platform available (set 'hibernate.transaction.jta.platform' to enable JTA platform integration)
2024-06-05T10:31:04.485+03:00  INFO 4872 --- [searchservice] [restartedMain] j.LocalContainerEntityManagerFactoryBean : Initialized JPA EntityManagerFactory for persistence unit 'default'
2024-06-05T10:31:04.966+03:00  WARN 4872 --- [searchservice] [restartedMain] JpaBaseConfiguration$JpaWebConfiguration : spring.jpa.open-in-view is enabled by default. Therefore, database queries may be performed during view rendering. Explicitly configure spring.jpa.open-in-view to disable this warning
2024-06-05T10:31:06.136+03:00  WARN 4872 --- [searchservice] [restartedMain] o.s.b.d.a.OptionalLiveReloadServer       : Unable to start LiveReload server
2024-06-05T10:31:06.770+03:00  INFO 4872 --- [searchservice] [restartedMain] eAuthenticationProviderManagerConfigurer : Global AuthenticationManager configured with AuthenticationProvider bean with name authenticationProvider
2024-06-05T10:31:06.774+03:00  WARN 4872 --- [searchservice] [restartedMain] r$InitializeUserDetailsManagerConfigurer : Global AuthenticationManager configured with an AuthenticationProvider bean. UserDetailsService beans will not be used for username/password login. Consider removing the AuthenticationProvider bean. Alternatively, consider using the UserDetailsService in a manually instantiated DaoAuthenticationProvider.
2024-06-05T10:31:07.553+03:00  INFO 4872 --- [searchservice] [restartedMain] o.s.b.a.e.web.EndpointLinksResolver      : Exposing 1 endpoint beneath base path '/actuator'
2024-06-05T10:31:07.802+03:00  INFO 4872 --- [searchservice] [restartedMain] o.s.s.web.DefaultSecurityFilterChain     : Will secure any request with [org.springframework.security.web.session.DisableEncodeUrlFilter@52fcb2ed, org.springframework.security.web.context.request.async.WebAsyncManagerIntegrationFilter@59d23c5, org.springframework.security.web.context.SecurityContextHolderFilter@50ef4fba, org.springframework.security.web.header.HeaderWriterFilter@25b05b96, org.springframework.web.filter.CorsFilter@f53189e, org.springframework.security.web.authentication.logout.LogoutFilter@65ee55ad, com.search.searchservice.AuthTokenFilter@2ca01c13, org.springframework.security.web.savedrequest.RequestCacheAwareFilter@4e32d597, org.springframework.security.web.servletapi.SecurityContextHolderAwareRequestFilter@6de0207d, org.springframework.security.web.authentication.AnonymousAuthenticationFilter@1136c7e3, org.springframework.security.web.session.SessionManagementFilter@627130c2, org.springframework.security.web.access.ExceptionTranslationFilter@a8e7976, org.springframework.security.web.access.intercept.AuthorizationFilter@34dc6d4a]
2024-06-05T10:31:08.871+03:00  INFO 4872 --- [searchservice] [restartedMain] DiscoveryClientOptionalArgsConfiguration : Eureka HTTP Client uses RestTemplate.
2024-06-05T10:31:08.980+03:00  WARN 4872 --- [searchservice] [restartedMain] iguration$LoadBalancerCaffeineWarnLogger : Spring Cloud LoadBalancer is currently working with the default cache. While this cache implementation is useful for development and tests, it's recommended to use Caffeine cache in production.You can switch to using Caffeine cache, by adding it and org.springframework.cache.caffeine.CaffeineCacheManager to the classpath.
2024-06-05T10:31:09.151+03:00  INFO 4872 --- [searchservice] [restartedMain] o.s.c.n.eureka.InstanceInfoFactory       : Setting initial instance status as: STARTING
2024-06-05T10:31:09.174+03:00  INFO 4872 --- [searchservice] [restartedMain] com.netflix.discovery.DiscoveryClient    : Initializing Eureka in region us-east-1
2024-06-05T10:31:09.178+03:00  INFO 4872 --- [searchservice] [restartedMain] c.n.d.s.r.aws.ConfigClusterResolver      : Resolving eureka endpoints via configuration
2024-06-05T10:31:09.230+03:00  INFO 4872 --- [searchservice] [restartedMain] com.netflix.discovery.DiscoveryClient    : Disable delta property : false
2024-06-05T10:31:09.231+03:00  INFO 4872 --- [searchservice] [restartedMain] com.netflix.discovery.DiscoveryClient    : Single vip registry refresh property : null
2024-06-05T10:31:09.233+03:00  INFO 4872 --- [searchservice] [restartedMain] com.netflix.discovery.DiscoveryClient    : Force full registry fetch : false
2024-06-05T10:31:09.235+03:00  INFO 4872 --- [searchservice] [restartedMain] com.netflix.discovery.DiscoveryClient    : Application is null : false
2024-06-05T10:31:09.238+03:00  INFO 4872 --- [searchservice] [restartedMain] com.netflix.discovery.DiscoveryClient    : Registered Applications size is zero : true
2024-06-05T10:31:09.241+03:00  INFO 4872 --- [searchservice] [restartedMain] com.netflix.discovery.DiscoveryClient    : Application version is -1: true
2024-06-05T10:31:09.243+03:00  INFO 4872 --- [searchservice] [restartedMain] com.netflix.discovery.DiscoveryClient    : Getting all instance registry info from the eureka server
2024-06-05T10:31:09.445+03:00  INFO 4872 --- [searchservice] [restartedMain] com.netflix.discovery.DiscoveryClient    : The response status is 200
2024-06-05T10:31:09.458+03:00  INFO 4872 --- [searchservice] [restartedMain] com.netflix.discovery.DiscoveryClient    : Starting heartbeat executor: renew interval is: 30
2024-06-05T10:31:09.469+03:00  INFO 4872 --- [searchservice] [restartedMain] c.n.discovery.InstanceInfoReplicator     : InstanceInfoReplicator onDemand update allowed rate per min is 4
2024-06-05T10:31:09.499+03:00  INFO 4872 --- [searchservice] [restartedMain] com.netflix.discovery.DiscoveryClient    : Discovery Client initialized at timestamp 1717572669498 with initial instances count: 3
2024-06-05T10:31:09.541+03:00  INFO 4872 --- [searchservice] [restartedMain] o.s.c.n.e.s.EurekaServiceRegistry        : Registering application SEARCHSERVICE with eureka with status UP
2024-06-05T10:31:09.545+03:00  INFO 4872 --- [searchservice] [restartedMain] com.netflix.discovery.DiscoveryClient    : Saw local status change event StatusChangeEvent [timestamp=1717572669544, current=UP, previous=STARTING]
2024-06-05T10:31:09.558+03:00  INFO 4872 --- [searchservice] [DiscoveryClient-InstanceInfoReplicator-0] com.netflix.discovery.DiscoveryClient    : DiscoveryClient_SEARCHSERVICE/192.168.101.100:searchservice:8400: registering service...
2024-06-05T10:31:09.570+03:00  INFO 4872 --- [searchservice] [restartedMain] o.s.b.w.embedded.tomcat.TomcatWebServer  : Tomcat started on port 8400 (http) with context path '/'
2024-06-05T10:31:09.574+03:00  INFO 4872 --- [searchservice] [restartedMain] .s.c.n.e.s.EurekaAutoServiceRegistration : Updating port to 8400
2024-06-05T10:31:09.603+03:00  INFO 4872 --- [searchservice] [DiscoveryClient-InstanceInfoReplicator-0] com.netflix.discovery.DiscoveryClient    : DiscoveryClient_SEARCHSERVICE/192.168.101.100:searchservice:8400 - registration status: 204
2024-06-05T10:31:09.722+03:00  INFO 4872 --- [searchservice] [restartedMain] c.s.s.SearchserviceApplication           : Started SearchserviceApplication in 13.501 seconds (process running for 1104.209)
2024-06-05T10:31:09.736+03:00  INFO 4872 --- [searchservice] [restartedMain] .ConditionEvaluationDeltaLoggingListener : Condition evaluation unchanged
