2024-06-17 17:33:48 INFO  c.s.s.SearchserviceApplicationTests - Starting SearchserviceApplicationTests using Java 21.0.2 with PID 25428 (started by app in c:\Users\app\Desktop\project-step-3-we-need-a-br\searchservice)
2024-06-17 17:33:48 INFO  c.s.s.SearchserviceApplicationTests - No active profile set, falling back to 1 default profile: "default"
2024-06-17 17:33:48 INFO  o.s.c.c.c.ConfigServerConfigDataLoader - Fetching config from server at : http://localhost:8888
2024-06-17 17:33:48 INFO  o.s.c.c.c.ConfigServerConfigDataLoader - Exception on Url - http://localhost:8888:org.springframework.web.client.ResourceAccessException: I/O error on GET request for "http://localhost:8888/searchservice/default": Connection refused: getsockopt. Will be trying the next url if available
2024-06-17 17:33:48 WARN  o.s.c.c.c.ConfigServerConfigDataLoader - Could not locate PropertySource ([ConfigServerConfigDataResource@64355120 uris = array<String>['http://localhost:8888'], optional = true, profiles = 'default']): I/O error on GET request for "http://localhost:8888/searchservice/default": Connection refused: getsockopt
2024-06-17 17:33:48 INFO  o.s.c.c.c.ConfigServerConfigDataLoader - Fetching config from server at : http://localhost:8888
2024-06-17 17:33:48 INFO  o.s.c.c.c.ConfigServerConfigDataLoader - Exception on Url - http://localhost:8888:org.springframework.web.client.ResourceAccessException: I/O error on GET request for "http://localhost:8888/searchservice/default": Connection refused: getsockopt. Will be trying the next url if available
2024-06-17 17:33:48 WARN  o.s.c.c.c.ConfigServerConfigDataLoader - Could not locate PropertySource ([ConfigServerConfigDataResource@12010fd1 uris = array<String>['http://localhost:8888'], optional = true, profiles = 'default']): I/O error on GET request for "http://localhost:8888/searchservice/default": Connection refused: getsockopt
2024-06-17 17:33:48 INFO  o.s.c.c.c.ConfigServerConfigDataLoader - Fetching config from server at : http://localhost:8888
2024-06-17 17:33:48 INFO  o.s.c.c.c.ConfigServerConfigDataLoader - Exception on Url - http://localhost:8888:org.springframework.web.client.ResourceAccessException: I/O error on GET request for "http://localhost:8888/searchservice/default": Connection refused: getsockopt. Will be trying the next url if available
2024-06-17 17:33:48 WARN  o.s.c.c.c.ConfigServerConfigDataLoader - Could not locate PropertySource ([ConfigServerConfigDataResource@7c84195 uris = array<String>['http://localhost:8888'], optional = true, profiles = 'default']): I/O error on GET request for "http://localhost:8888/searchservice/default": Connection refused: getsockopt
2024-06-17 17:33:51 INFO  o.s.d.r.c.RepositoryConfigurationDelegate - Bootstrapping Spring Data JPA repositories in DEFAULT mode.
2024-06-17 17:33:51 INFO  o.s.d.r.c.RepositoryConfigurationDelegate - Finished Spring Data repository scanning in 35 ms. Found 0 JPA repository interfaces.
2024-06-17 17:33:52 INFO  o.s.cloud.context.scope.GenericScope - BeanFactory id=0205f403-47bd-37c1-b7ff-f933614de695
2024-06-17 17:33:53 WARN  o.s.c.s.PostProcessorRegistrationDelegate$BeanPostProcessorChecker - Bean 'org.springframework.cloud.client.loadbalancer.LoadBalancerAutoConfiguration$DeferringLoadBalancerInterceptorConfig' of type [org.springframework.cloud.client.loadbalancer.LoadBalancerAutoConfiguration$DeferringLoadBalancerInterceptorConfig] is not eligible for getting processed by all BeanPostProcessors (for example: not eligible for auto-proxying). The currently created BeanPostProcessor [lbRestClientPostProcessor] is declared through a non-static factory method on that class; consider declaring it as static instead.
2024-06-17 17:33:53 WARN  o.s.c.s.PostProcessorRegistrationDelegate$BeanPostProcessorChecker - Bean 'deferringLoadBalancerInterceptor' of type [org.springframework.cloud.client.loadbalancer.DeferringLoadBalancerInterceptor] is not eligible for getting processed by all BeanPostProcessors (for example: not eligible for auto-proxying). Is this bean getting eagerly injected into a currently created BeanPostProcessor [lbRestClientPostProcessor]? Check the corresponding BeanPostProcessor declaration and its dependencies.
2024-06-17 17:33:54 INFO  o.h.jpa.internal.util.LogHelper - HHH000204: Processing PersistenceUnitInfo [name: default]
2024-06-17 17:33:54 INFO  org.hibernate.Version - HHH000412: Hibernate ORM core version 6.5.2.Final
2024-06-17 17:33:54 INFO  o.h.c.i.RegionFactoryInitiator - HHH000026: Second-level cache disabled
2024-06-17 17:33:55 INFO  o.s.o.j.p.SpringPersistenceUnitInfo - No LoadTimeWeaver setup: ignoring JPA class transformer
2024-06-17 17:33:55 INFO  com.zaxxer.hikari.HikariDataSource - HikariPool-1 - Starting...
2024-06-17 17:33:56 INFO  com.zaxxer.hikari.pool.HikariPool - HikariPool-1 - Added connection com.mysql.cj.jdbc.ConnectionImpl@3ecbfba1
2024-06-17 17:33:56 INFO  com.zaxxer.hikari.HikariDataSource - HikariPool-1 - Start completed.
2024-06-17 17:33:56 WARN  org.hibernate.dialect.Dialect - HHH000511: The 5.5.5 version for [org.hibernate.dialect.MySQLDialect] is no longer supported, hence certain features may not work properly. The minimum supported version is 8.0.0. Check the community dialects project for available legacy versions.
2024-06-17 17:33:56 WARN  org.hibernate.orm.deprecation - HHH90000025: MySQLDialect does not need to be specified explicitly using 'hibernate.dialect' (remove the property setting and it will be selected by default)
2024-06-17 17:33:57 INFO  o.h.e.t.j.p.i.JtaPlatformInitiator - HHH000489: No JTA platform available (set 'hibernate.transaction.jta.platform' to enable JTA platform integration)
2024-06-17 17:33:57 INFO  o.s.o.j.LocalContainerEntityManagerFactoryBean - Initialized JPA EntityManagerFactory for persistence unit 'default'
2024-06-17 17:33:57 WARN  o.s.b.a.o.j.JpaBaseConfiguration$JpaWebConfiguration - spring.jpa.open-in-view is enabled by default. Therefore, database queries may be performed during view rendering. Explicitly configure spring.jpa.open-in-view to disable this warning
2024-06-17 17:33:58 INFO  o.s.c.o.FeignClientFactoryBean - For 'userservice' URL not provided. Will try picking an instance via load-balancing.
2024-06-17 17:33:58 INFO  o.s.s.c.a.a.c.InitializeAuthenticationProviderBeanManagerConfigurer$InitializeAuthenticationProviderManagerConfigurer - Global AuthenticationManager configured with AuthenticationProvider bean with name authenticationProvider
2024-06-17 17:33:58 WARN  o.s.s.c.a.a.c.InitializeUserDetailsBeanManagerConfigurer$InitializeUserDetailsManagerConfigurer - Global AuthenticationManager configured with an AuthenticationProvider bean. UserDetailsService beans will not be used for username/password login. Consider removing the AuthenticationProvider bean. Alternatively, consider using the UserDetailsService in a manually instantiated DaoAuthenticationProvider.
2024-06-17 17:34:02 INFO  o.s.b.a.e.web.EndpointLinksResolver - Exposing 1 endpoint beneath base path '/actuator'
2024-06-17 17:34:02 INFO  o.s.s.web.DefaultSecurityFilterChain - Will secure any request with [org.springframework.security.web.session.DisableEncodeUrlFilter@2296ed0d, org.springframework.security.web.context.request.async.WebAsyncManagerIntegrationFilter@6b174aa3, org.springframework.security.web.context.SecurityContextHolderFilter@5eaab295, org.springframework.security.web.header.HeaderWriterFilter@76d9fe26, org.springframework.web.filter.CorsFilter@3f8961fc, org.springframework.security.web.authentication.logout.LogoutFilter@53c68ea5, com.search.searchservice.AuthTokenFilter@3a5e591b, org.springframework.security.web.savedrequest.RequestCacheAwareFilter@4a2891d1, org.springframework.security.web.servletapi.SecurityContextHolderAwareRequestFilter@55c75b72, org.springframework.security.web.authentication.AnonymousAuthenticationFilter@48306567, org.springframework.security.web.session.SessionManagementFilter@3d2af8d7, org.springframework.security.web.access.ExceptionTranslationFilter@613aeb51, org.springframework.security.web.access.intercept.AuthorizationFilter@35cf7e98]
2024-06-17 17:34:04 INFO  o.s.c.n.e.c.DiscoveryClientOptionalArgsConfiguration - Eureka HTTP Client uses RestTemplate.
2024-06-17 17:34:04 WARN  o.s.c.l.c.LoadBalancerCacheAutoConfiguration$LoadBalancerCaffeineWarnLogger - Spring Cloud LoadBalancer is currently working with the default cache. While this cache implementation is useful for development and tests, it's recommended to use Caffeine cache in production.You can switch to using Caffeine cache, by adding it and org.springframework.cache.caffeine.CaffeineCacheManager to the classpath.
2024-06-17 17:34:05 INFO  o.s.c.n.eureka.InstanceInfoFactory - Setting initial instance status as: STARTING
2024-06-17 17:34:05 INFO  c.netflix.discovery.DiscoveryClient - Initializing Eureka in region us-east-1
2024-06-17 17:34:05 INFO  c.n.d.s.r.aws.ConfigClusterResolver - Resolving eureka endpoints via configuration
2024-06-17 17:34:05 INFO  c.netflix.discovery.DiscoveryClient - Disable delta property : false
2024-06-17 17:34:05 INFO  c.netflix.discovery.DiscoveryClient - Single vip registry refresh property : null
2024-06-17 17:34:05 INFO  c.netflix.discovery.DiscoveryClient - Force full registry fetch : false
2024-06-17 17:34:05 INFO  c.netflix.discovery.DiscoveryClient - Application is null : false
2024-06-17 17:34:05 INFO  c.netflix.discovery.DiscoveryClient - Registered Applications size is zero : true
2024-06-17 17:34:05 INFO  c.netflix.discovery.DiscoveryClient - Application version is -1: true
2024-06-17 17:34:05 INFO  c.netflix.discovery.DiscoveryClient - Getting all instance registry info from the eureka server
2024-06-17 17:34:07 INFO  c.netflix.discovery.DiscoveryClient - The response status is 200
2024-06-17 17:34:07 INFO  c.netflix.discovery.DiscoveryClient - Starting heartbeat executor: renew interval is: 30
2024-06-17 17:34:07 INFO  c.n.discovery.InstanceInfoReplicator - InstanceInfoReplicator onDemand update allowed rate per min is 4
2024-06-17 17:34:07 INFO  c.netflix.discovery.DiscoveryClient - Discovery Client initialized at timestamp 1718634847161 with initial instances count: 3
2024-06-17 17:34:07 INFO  o.s.c.n.e.s.EurekaServiceRegistry - Registering application SEARCHSERVICE with eureka with status UP
2024-06-17 17:34:07 INFO  c.netflix.discovery.DiscoveryClient - Saw local status change event StatusChangeEvent [timestamp=1718634847184, current=UP, previous=STARTING]
2024-06-17 17:34:07 INFO  c.netflix.discovery.DiscoveryClient - DiscoveryClient_SEARCHSERVICE/LAPTOP-9Q5SOEP1.mshome.net:searchservice:8400: registering service...
2024-06-17 17:34:07 INFO  c.s.s.SearchserviceApplicationTests - Started SearchserviceApplicationTests in 21.344 seconds (process running for 24.038)
2024-06-17 17:34:07 INFO  c.netflix.discovery.DiscoveryClient - DiscoveryClient_SEARCHSERVICE/LAPTOP-9Q5SOEP1.mshome.net:searchservice:8400 - registration status: 204
2024-06-17 17:34:09 INFO  o.s.c.n.e.s.EurekaServiceRegistry - Unregistering application SEARCHSERVICE with eureka with status DOWN
2024-06-17 17:34:09 INFO  c.netflix.discovery.DiscoveryClient - Saw local status change event StatusChangeEvent [timestamp=1718634849289, current=DOWN, previous=UP]
2024-06-17 17:34:09 INFO  c.netflix.discovery.DiscoveryClient - DiscoveryClient_SEARCHSERVICE/LAPTOP-9Q5SOEP1.mshome.net:searchservice:8400: registering service...
2024-06-17 17:34:09 INFO  o.s.o.j.LocalContainerEntityManagerFactoryBean - Closing JPA EntityManagerFactory for persistence unit 'default'
2024-06-17 17:34:09 INFO  com.zaxxer.hikari.HikariDataSource - HikariPool-1 - Shutdown initiated...
2024-06-17 17:34:09 INFO  c.netflix.discovery.DiscoveryClient - DiscoveryClient_SEARCHSERVICE/LAPTOP-9Q5SOEP1.mshome.net:searchservice:8400 - registration status: 204
2024-06-17 17:34:09 INFO  com.zaxxer.hikari.HikariDataSource - HikariPool-1 - Shutdown completed.
2024-06-17 17:34:09 INFO  c.netflix.discovery.DiscoveryClient - Shutting down DiscoveryClient ...
2024-06-17 17:34:12 INFO  c.netflix.discovery.DiscoveryClient - Unregistering ...
2024-06-17 17:34:12 INFO  c.netflix.discovery.DiscoveryClient - DiscoveryClient_SEARCHSERVICE/LAPTOP-9Q5SOEP1.mshome.net:searchservice:8400 - deregister  status: 200
2024-06-17 17:34:12 INFO  c.netflix.discovery.DiscoveryClient - Completed shut down of DiscoveryClient
